<?xml version="1.0" encoding="UTF-8"?>
<!-- Generated by org.testng.reporters.JUnitXMLReporter -->
<testsuite ignored="0" hostname="QT-INHD-LT0694" failures="2" tests="91" name="Parallel Tests" time="110.476" errors="0" timestamp="2022-09-28T14:37:56 IST">
  <testcase classname="com.PTMWeb.utilities.Baseclass" name="@BeforeMethod setup" time="16.417">
    <failure type="org.openqa.selenium.WebDriverException" message="chrome not reachable
  (Session info: chrome=105.0.5195.127)
Build info: version: &amp;apos;4.3.0&amp;apos;, revision: &amp;apos;a4995e2c09*&amp;apos;
System info: host: &amp;apos;QT-INHD-LT0694&amp;apos;, ip: &amp;apos;192.168.1.8&amp;apos;, os.name: &amp;apos;Windows 10&amp;apos;, os.arch: &amp;apos;amd64&amp;apos;, os.version: &amp;apos;10.0&amp;apos;, java.version: &amp;apos;17.0.3&amp;apos;
Driver info: org.openqa.selenium.chrome.ChromeDriver
Command: [d468365b81b03bb0b69b770339bdfd68, get {url=https://tax.dev.asurehcm.com/dashboard}]
Capabilities {acceptInsecureCerts: false, browserName: chrome, browserVersion: 105.0.5195.127, chrome: {chromedriverVersion: 105.0.5195.52 (412c95e51883..., userDataDir: C:\Users\VEERAL~1.BIK\AppDa...}, goog:chromeOptions: {debuggerAddress: localhost:65223}, networkConnectionEnabled: false, pageLoadStrategy: normal, platformName: WINDOWS, proxy: Proxy(), se:cdp: ws://localhost:65223/devtoo..., se:cdpVersion: 105.0.5195.127, setWindowRect: true, strictFileInteractability: false, timeouts: {implicit: 0, pageLoad: 300000, script: 30000}, unhandledPromptBehavior: dismiss and notify, webauthn:extension:credBlob: true, webauthn:extension:largeBlob: true, webauthn:virtualAuthenticators: true}
Session ID: d468365b81b03bb0b69b770339bdfd68">
      <![CDATA[org.openqa.selenium.WebDriverException: chrome not reachable
  (Session info: chrome=105.0.5195.127)
Build info: version: '4.3.0', revision: 'a4995e2c09*'
System info: host: 'QT-INHD-LT0694', ip: '192.168.1.8', os.name: 'Windows 10', os.arch: 'amd64', os.version: '10.0', java.version: '17.0.3'
Driver info: org.openqa.selenium.chrome.ChromeDriver
Command: [d468365b81b03bb0b69b770339bdfd68, get {url=https://tax.dev.asurehcm.com/dashboard}]
Capabilities {acceptInsecureCerts: false, browserName: chrome, browserVersion: 105.0.5195.127, chrome: {chromedriverVersion: 105.0.5195.52 (412c95e51883..., userDataDir: C:\Users\VEERAL~1.BIK\AppDa...}, goog:chromeOptions: {debuggerAddress: localhost:65223}, networkConnectionEnabled: false, pageLoadStrategy: normal, platformName: WINDOWS, proxy: Proxy(), se:cdp: ws://localhost:65223/devtoo..., se:cdpVersion: 105.0.5195.127, setWindowRect: true, strictFileInteractability: false, timeouts: {implicit: 0, pageLoad: 300000, script: 30000}, unhandledPromptBehavior: dismiss and notify, webauthn:extension:credBlob: true, webauthn:extension:largeBlob: true, webauthn:virtualAuthenticators: true}
Session ID: d468365b81b03bb0b69b770339bdfd68
at org.openqa.selenium.remote.codec.w3c.W3CHttpResponseCodec.createException(W3CHttpResponseCodec.java:200)
at org.openqa.selenium.remote.codec.w3c.W3CHttpResponseCodec.decode(W3CHttpResponseCodec.java:133)
at org.openqa.selenium.remote.codec.w3c.W3CHttpResponseCodec.decode(W3CHttpResponseCodec.java:53)
at org.openqa.selenium.remote.HttpCommandExecutor.execute(HttpCommandExecutor.java:184)
at org.openqa.selenium.remote.service.DriverCommandExecutor.invokeExecute(DriverCommandExecutor.java:167)
at org.openqa.selenium.remote.service.DriverCommandExecutor.execute(DriverCommandExecutor.java:142)
at org.openqa.selenium.remote.RemoteWebDriver.execute(RemoteWebDriver.java:569)
at org.openqa.selenium.remote.RemoteWebDriver.get(RemoteWebDriver.java:332)
at com.PTMWeb.utilities.Baseclass.setup(Baseclass.java:253)
at java.base/java.util.concurrent.ThreadPoolExecutor.runWorker(ThreadPoolExecutor.java:1136)
at java.base/java.util.concurrent.ThreadPoolExecutor$Worker.run(ThreadPoolExecutor.java:635)
at java.base/java.lang.Thread.run(Thread.java:833)
... Removed 21 stack frames]]>
    </failure>
  </testcase> <!-- @BeforeMethod setup -->
  <testcase classname="com.PTMWeb.utilities.Baseclass" name="@AfterMethod quitbrowser" time="0.0">
    <skipped/>
  </testcase> <!-- @AfterMethod quitbrowser -->
  <testcase classname="com.PTMWeb.utilities.Baseclass" name="@BeforeMethod setup" time="0.0">
    <skipped/>
  </testcase> <!-- @BeforeMethod setup -->
  <testcase classname="com.PTMWeb.utilities.Baseclass" name="@AfterMethod quitbrowser" time="0.0">
    <skipped/>
  </testcase> <!-- @AfterMethod quitbrowser -->
  <testcase classname="com.PTMWeb.utilities.Baseclass" name="@BeforeMethod setup" time="0.0">
    <skipped/>
  </testcase> <!-- @BeforeMethod setup -->
  <testcase classname="com.PTMWeb.utilities.Baseclass" name="@AfterMethod quitbrowser" time="0.0">
    <skipped/>
  </testcase> <!-- @AfterMethod quitbrowser -->
  <testcase classname="com.PTMWeb.utilities.Baseclass" name="@BeforeMethod setup" time="0.0">
    <skipped/>
  </testcase> <!-- @BeforeMethod setup -->
  <testcase classname="com.PTMWeb.utilities.Baseclass" name="@AfterMethod quitbrowser" time="0.0">
    <skipped/>
  </testcase> <!-- @AfterMethod quitbrowser -->
  <testcase classname="com.PTMWeb.utilities.Baseclass" name="@BeforeMethod setup" time="0.0">
    <skipped/>
  </testcase> <!-- @BeforeMethod setup -->
  <testcase classname="com.PTMWeb.utilities.Baseclass" name="@AfterMethod quitbrowser" time="0.0">
    <skipped/>
  </testcase> <!-- @AfterMethod quitbrowser -->
  <testcase classname="com.PTMWeb.utilities.Baseclass" name="@BeforeMethod setup" time="0.0">
    <skipped/>
  </testcase> <!-- @BeforeMethod setup -->
  <testcase classname="com.PTMWeb.utilities.Baseclass" name="@AfterMethod quitbrowser" time="0.0">
    <skipped/>
  </testcase> <!-- @AfterMethod quitbrowser -->
  <testcase classname="com.PTMWeb.utilities.Baseclass" name="@BeforeMethod setup" time="0.0">
    <skipped/>
  </testcase> <!-- @BeforeMethod setup -->
  <testcase classname="com.PTMWeb.utilities.Baseclass" name="@AfterMethod quitbrowser" time="0.0">
    <skipped/>
  </testcase> <!-- @AfterMethod quitbrowser -->
  <testcase classname="com.PTMWeb.utilities.Baseclass" name="@BeforeMethod setup" time="0.0">
    <skipped/>
  </testcase> <!-- @BeforeMethod setup -->
  <testcase classname="com.PTMWeb.utilities.Baseclass" name="@AfterMethod quitbrowser" time="0.0">
    <skipped/>
  </testcase> <!-- @AfterMethod quitbrowser -->
  <testcase classname="com.PTMWeb.utilities.Baseclass" name="@BeforeMethod setup" time="0.0">
    <skipped/>
  </testcase> <!-- @BeforeMethod setup -->
  <testcase classname="com.PTMWeb.utilities.Baseclass" name="@AfterMethod quitbrowser" time="0.0">
    <skipped/>
  </testcase> <!-- @AfterMethod quitbrowser -->
  <testcase classname="com.PTMWeb.utilities.Baseclass" name="@BeforeMethod setup" time="0.0">
    <skipped/>
  </testcase> <!-- @BeforeMethod setup -->
  <testcase classname="com.PTMWeb.utilities.Baseclass" name="@AfterMethod quitbrowser" time="0.0">
    <skipped/>
  </testcase> <!-- @AfterMethod quitbrowser -->
  <testcase classname="com.PTMWeb.utilities.Baseclass" name="@BeforeMethod setup" time="0.0">
    <skipped/>
  </testcase> <!-- @BeforeMethod setup -->
  <testcase classname="com.PTMWeb.utilities.Baseclass" name="@AfterMethod quitbrowser" time="0.0">
    <skipped/>
  </testcase> <!-- @AfterMethod quitbrowser -->
  <testcase classname="com.PTMWeb.utilities.Baseclass" name="@BeforeMethod setup" time="0.0">
    <skipped/>
  </testcase> <!-- @BeforeMethod setup -->
  <testcase classname="com.PTMWeb.utilities.Baseclass" name="@AfterMethod quitbrowser" time="0.0">
    <skipped/>
  </testcase> <!-- @AfterMethod quitbrowser -->
  <testcase classname="com.PTMWeb.utilities.Baseclass" name="@BeforeMethod setup" time="0.0">
    <skipped/>
  </testcase> <!-- @BeforeMethod setup -->
  <testcase classname="com.PTMWeb.utilities.Baseclass" name="@AfterMethod quitbrowser" time="0.0">
    <skipped/>
  </testcase> <!-- @AfterMethod quitbrowser -->
  <testcase classname="com.PTMWeb.utilities.Baseclass" name="@BeforeMethod setup" time="0.0">
    <skipped/>
  </testcase> <!-- @BeforeMethod setup -->
  <testcase classname="com.PTMWeb.utilities.Baseclass" name="@AfterMethod quitbrowser" time="0.0">
    <skipped/>
  </testcase> <!-- @AfterMethod quitbrowser -->
  <testcase classname="com.PTMWeb.utilities.Baseclass" name="@BeforeMethod setup" time="0.0">
    <skipped/>
  </testcase> <!-- @BeforeMethod setup -->
  <testcase classname="com.PTMWeb.utilities.Baseclass" name="@AfterMethod quitbrowser" time="0.0">
    <skipped/>
  </testcase> <!-- @AfterMethod quitbrowser -->
  <testcase classname="com.PTMWeb.utilities.Baseclass" name="@BeforeMethod setup" time="0.0">
    <skipped/>
  </testcase> <!-- @BeforeMethod setup -->
  <testcase classname="com.PTMWeb.utilities.Baseclass" name="@AfterMethod quitbrowser" time="0.0">
    <skipped/>
  </testcase> <!-- @AfterMethod quitbrowser -->
  <testcase classname="com.PTMWeb.utilities.Baseclass" name="@BeforeMethod setup" time="0.0">
    <skipped/>
  </testcase> <!-- @BeforeMethod setup -->
  <testcase classname="com.PTMWeb.utilities.Baseclass" name="@AfterMethod quitbrowser" time="0.0">
    <skipped/>
  </testcase> <!-- @AfterMethod quitbrowser -->
  <testcase classname="com.PTMWeb.utilities.Baseclass" name="@BeforeMethod setup" time="0.0">
    <skipped/>
  </testcase> <!-- @BeforeMethod setup -->
  <testcase classname="com.PTMWeb.utilities.Baseclass" name="@AfterMethod quitbrowser" time="0.0">
    <skipped/>
  </testcase> <!-- @AfterMethod quitbrowser -->
  <testcase classname="com.PTMWeb.utilities.Baseclass" name="@BeforeMethod setup" time="0.0">
    <skipped/>
  </testcase> <!-- @BeforeMethod setup -->
  <testcase classname="com.PTMWeb.utilities.Baseclass" name="@AfterMethod quitbrowser" time="0.0">
    <skipped/>
  </testcase> <!-- @AfterMethod quitbrowser -->
  <testcase classname="com.PTMWeb.utilities.Baseclass" name="@BeforeMethod setup" time="0.0">
    <skipped/>
  </testcase> <!-- @BeforeMethod setup -->
  <testcase classname="com.PTMWeb.utilities.Baseclass" name="@AfterMethod quitbrowser" time="0.0">
    <skipped/>
  </testcase> <!-- @AfterMethod quitbrowser -->
  <testcase classname="com.PTMWeb.utilities.Baseclass" name="@BeforeMethod setup" time="0.0">
    <skipped/>
  </testcase> <!-- @BeforeMethod setup -->
  <testcase classname="com.PTMWeb.utilities.Baseclass" name="@AfterMethod quitbrowser" time="0.0">
    <skipped/>
  </testcase> <!-- @AfterMethod quitbrowser -->
  <testcase classname="com.PTMWeb.utilities.Baseclass" name="@BeforeMethod setup" time="0.0">
    <skipped/>
  </testcase> <!-- @BeforeMethod setup -->
  <testcase classname="com.PTMWeb.utilities.Baseclass" name="@AfterMethod quitbrowser" time="0.0">
    <skipped/>
  </testcase> <!-- @AfterMethod quitbrowser -->
  <testcase classname="com.PTMWeb.utilities.Baseclass" name="@BeforeMethod setup" time="0.0">
    <skipped/>
  </testcase> <!-- @BeforeMethod setup -->
  <testcase classname="com.PTMWeb.utilities.Baseclass" name="@AfterMethod quitbrowser" time="0.0">
    <skipped/>
  </testcase> <!-- @AfterMethod quitbrowser -->
  <testcase classname="com.PTMWeb.utilities.Baseclass" name="@BeforeMethod setup" time="0.0">
    <skipped/>
  </testcase> <!-- @BeforeMethod setup -->
  <testcase classname="com.PTMWeb.utilities.Baseclass" name="@AfterMethod quitbrowser" time="0.0">
    <skipped/>
  </testcase> <!-- @AfterMethod quitbrowser -->
  <testcase classname="com.PTMWeb.utilities.Baseclass" name="@BeforeMethod setup" time="0.0">
    <skipped/>
  </testcase> <!-- @BeforeMethod setup -->
  <testcase classname="com.PTMWeb.utilities.Baseclass" name="@AfterMethod quitbrowser" time="0.0">
    <skipped/>
  </testcase> <!-- @AfterMethod quitbrowser -->
  <testcase classname="com.PTMWeb.utilities.Baseclass" name="@BeforeMethod setup" time="0.0">
    <skipped/>
  </testcase> <!-- @BeforeMethod setup -->
  <testcase classname="com.PTMWeb.utilities.Baseclass" name="@AfterMethod quitbrowser" time="0.0">
    <skipped/>
  </testcase> <!-- @AfterMethod quitbrowser -->
  <testcase classname="com.PTMWeb.utilities.Baseclass" name="@BeforeMethod setup" time="0.0">
    <skipped/>
  </testcase> <!-- @BeforeMethod setup -->
  <testcase classname="com.PTMWeb.utilities.Baseclass" name="@AfterMethod quitbrowser" time="0.0">
    <skipped/>
  </testcase> <!-- @AfterMethod quitbrowser -->
  <testcase classname="com.PTMWeb.utilities.Baseclass" name="@BeforeMethod setup" time="0.0">
    <skipped/>
  </testcase> <!-- @BeforeMethod setup -->
  <testcase classname="com.PTMWeb.utilities.Baseclass" name="@AfterMethod quitbrowser" time="0.0">
    <skipped/>
  </testcase> <!-- @AfterMethod quitbrowser -->
  <testcase classname="com.PTMWeb.utilities.Baseclass" name="@BeforeMethod setup" time="0.0">
    <skipped/>
  </testcase> <!-- @BeforeMethod setup -->
  <testcase classname="com.PTMWeb.utilities.Baseclass" name="@AfterMethod quitbrowser" time="0.0">
    <skipped/>
  </testcase> <!-- @AfterMethod quitbrowser -->
  <testcase classname="com.PTMWeb.utilities.Baseclass" name="@BeforeMethod setup" time="0.0">
    <skipped/>
  </testcase> <!-- @BeforeMethod setup -->
  <testcase classname="com.PTMWeb.utilities.Baseclass" name="@AfterMethod quitbrowser" time="0.0">
    <skipped/>
  </testcase> <!-- @AfterMethod quitbrowser -->
  <testcase classname="com.PTMWeb.utilities.Baseclass" name="@BeforeMethod setup" time="0.0">
    <skipped/>
  </testcase> <!-- @BeforeMethod setup -->
  <testcase classname="com.PTMWeb.utilities.Baseclass" name="@AfterMethod quitbrowser" time="0.0">
    <skipped/>
  </testcase> <!-- @AfterMethod quitbrowser -->
  <testcase classname="com.PTMWeb.utilities.Baseclass" name="@BeforeMethod setup" time="0.0">
    <skipped/>
  </testcase> <!-- @BeforeMethod setup -->
  <testcase classname="com.PTMWeb.utilities.Baseclass" name="@AfterMethod quitbrowser" time="0.0">
    <skipped/>
  </testcase> <!-- @AfterMethod quitbrowser -->
  <testcase classname="com.PTMWeb.utilities.Baseclass" name="@BeforeMethod setup" time="0.0">
    <skipped/>
  </testcase> <!-- @BeforeMethod setup -->
  <testcase classname="com.PTMWeb.utilities.Baseclass" name="@AfterMethod quitbrowser" time="0.0">
    <skipped/>
  </testcase> <!-- @AfterMethod quitbrowser -->
  <testcase classname="com.PTMWeb.utilities.Baseclass" name="@BeforeMethod setup" time="0.0">
    <skipped/>
  </testcase> <!-- @BeforeMethod setup -->
  <testcase classname="com.PTMWeb.utilities.Baseclass" name="@AfterMethod quitbrowser" time="0.0">
    <skipped/>
  </testcase> <!-- @AfterMethod quitbrowser -->
  <testcase classname="com.PTMWeb.utilities.Baseclass" name="@BeforeMethod setup" time="0.0">
    <skipped/>
  </testcase> <!-- @BeforeMethod setup -->
  <testcase classname="com.PTMWeb.utilities.Baseclass" name="@AfterMethod quitbrowser" time="0.0">
    <skipped/>
  </testcase> <!-- @AfterMethod quitbrowser -->
  <testcase classname="com.PTMWeb.utilities.Baseclass" name="@BeforeMethod setup" time="0.0">
    <skipped/>
  </testcase> <!-- @BeforeMethod setup -->
  <testcase classname="com.PTMWeb.utilities.Baseclass" name="@AfterMethod quitbrowser" time="0.0">
    <skipped/>
  </testcase> <!-- @AfterMethod quitbrowser -->
  <testcase classname="com.PTMWeb.utilities.Baseclass" name="@BeforeMethod setup" time="0.0">
    <skipped/>
  </testcase> <!-- @BeforeMethod setup -->
  <testcase classname="com.PTMWeb.utilities.Baseclass" name="@AfterMethod quitbrowser" time="0.0">
    <skipped/>
  </testcase> <!-- @AfterMethod quitbrowser -->
  <testcase classname="com.PTMWeb.utilities.Baseclass" name="@BeforeMethod setup" time="0.0">
    <skipped/>
  </testcase> <!-- @BeforeMethod setup -->
  <testcase classname="com.PTMWeb.utilities.Baseclass" name="@AfterMethod quitbrowser" time="0.0">
    <skipped/>
  </testcase> <!-- @AfterMethod quitbrowser -->
  <testcase classname="com.PTMWeb.utilities.Baseclass" name="@BeforeMethod setup" time="0.0">
    <skipped/>
  </testcase> <!-- @BeforeMethod setup -->
  <testcase classname="com.PTMWeb.utilities.Baseclass" name="@AfterMethod quitbrowser" time="0.0">
    <skipped/>
  </testcase> <!-- @AfterMethod quitbrowser -->
  <testcase classname="com.PTMWeb.utilities.Baseclass" name="@BeforeMethod setup" time="0.0">
    <skipped/>
  </testcase> <!-- @BeforeMethod setup -->
  <testcase classname="com.PTMWeb.utilities.Baseclass" name="@AfterMethod quitbrowser" time="0.0">
    <skipped/>
  </testcase> <!-- @AfterMethod quitbrowser -->
  <testcase classname="com.PTMWeb.utilities.Baseclass" name="@BeforeMethod setup" time="0.0">
    <skipped/>
  </testcase> <!-- @BeforeMethod setup -->
  <testcase classname="com.PTMWeb.utilities.Baseclass" name="@AfterMethod quitbrowser" time="0.0">
    <skipped/>
  </testcase> <!-- @AfterMethod quitbrowser -->
  <testcase classname="com.PTMWeb.utilities.Baseclass" name="@BeforeMethod setup" time="0.0">
    <skipped/>
  </testcase> <!-- @BeforeMethod setup -->
  <testcase classname="com.PTMWeb.utilities.Baseclass" name="@AfterMethod quitbrowser" time="0.0">
    <skipped/>
  </testcase> <!-- @AfterMethod quitbrowser -->
  <testcase classname="com.PTMWeb.utilities.Baseclass" name="@BeforeMethod setup" time="0.0">
    <skipped/>
  </testcase> <!-- @BeforeMethod setup -->
  <testcase classname="com.PTMWeb.utilities.Baseclass" name="@AfterMethod quitbrowser" time="0.0">
    <skipped/>
  </testcase> <!-- @AfterMethod quitbrowser -->
  <testcase classname="com.PTMWeb.utilities.Baseclass" name="@BeforeMethod setup" time="0.0">
    <skipped/>
  </testcase> <!-- @BeforeMethod setup -->
  <testcase classname="com.PTMWeb.utilities.Baseclass" name="@AfterMethod quitbrowser" time="0.0">
    <skipped/>
  </testcase> <!-- @AfterMethod quitbrowser -->
  <testcase classname="com.PTMWeb.utilities.Baseclass" name="@BeforeMethod setup" time="0.0">
    <skipped/>
  </testcase> <!-- @BeforeMethod setup -->
  <testcase classname="com.PTMWeb.utilities.Baseclass" name="@AfterMethod quitbrowser" time="0.0">
    <skipped/>
  </testcase> <!-- @AfterMethod quitbrowser -->
  <testcase classname="com.PTMWeb.utilities.Baseclass" name="@BeforeMethod setup" time="0.0">
    <skipped/>
  </testcase> <!-- @BeforeMethod setup -->
  <testcase classname="com.PTMWeb.utilities.Baseclass" name="@AfterMethod quitbrowser" time="0.0">
    <skipped/>
  </testcase> <!-- @AfterMethod quitbrowser -->
  <testcase classname="com.PTMWeb.utilities.Baseclass" name="@BeforeMethod setup" time="0.0">
    <skipped/>
  </testcase> <!-- @BeforeMethod setup -->
  <testcase classname="com.PTMWeb.utilities.Baseclass" name="@AfterMethod quitbrowser" time="0.0">
    <skipped/>
  </testcase> <!-- @AfterMethod quitbrowser -->
  <testcase classname="com.PTMWeb.utilities.Baseclass" name="@BeforeMethod setup" time="0.0">
    <skipped/>
  </testcase> <!-- @BeforeMethod setup -->
  <testcase classname="com.PTMWeb.utilities.Baseclass" name="@AfterMethod quitbrowser" time="0.0">
    <skipped/>
  </testcase> <!-- @AfterMethod quitbrowser -->
  <testcase classname="com.PTMWeb.utilities.Baseclass" name="@BeforeMethod setup" time="0.0">
    <skipped/>
  </testcase> <!-- @BeforeMethod setup -->
  <testcase classname="com.PTMWeb.utilities.Baseclass" name="@AfterMethod quitbrowser" time="0.0">
    <skipped/>
  </testcase> <!-- @AfterMethod quitbrowser -->
  <testcase classname="com.PTMWeb.utilities.Baseclass" name="@BeforeMethod setup" time="0.0">
    <skipped/>
  </testcase> <!-- @BeforeMethod setup -->
  <testcase classname="com.PTMWeb.utilities.Baseclass" name="@AfterMethod quitbrowser" time="0.0">
    <skipped/>
  </testcase> <!-- @AfterMethod quitbrowser -->
  <testcase classname="com.PTMWeb.utilities.Baseclass" name="@BeforeMethod setup" time="0.0">
    <skipped/>
  </testcase> <!-- @BeforeMethod setup -->
  <testcase classname="com.PTMWeb.utilities.Baseclass" name="@AfterMethod quitbrowser" time="0.0">
    <skipped/>
  </testcase> <!-- @AfterMethod quitbrowser -->
  <testcase classname="com.PTMWeb.utilities.Baseclass" name="@BeforeMethod setup" time="0.0">
    <skipped/>
  </testcase> <!-- @BeforeMethod setup -->
  <testcase classname="com.PTMWeb.utilities.Baseclass" name="@AfterMethod quitbrowser" time="0.0">
    <skipped/>
  </testcase> <!-- @AfterMethod quitbrowser -->
  <testcase classname="com.PTMWeb.utilities.Baseclass" name="@BeforeMethod setup" time="0.0">
    <skipped/>
  </testcase> <!-- @BeforeMethod setup -->
  <testcase classname="com.PTMWeb.utilities.Baseclass" name="@AfterMethod quitbrowser" time="0.0">
    <skipped/>
  </testcase> <!-- @AfterMethod quitbrowser -->
  <testcase classname="com.PTMWeb.utilities.Baseclass" name="@BeforeMethod setup" time="0.0">
    <skipped/>
  </testcase> <!-- @BeforeMethod setup -->
  <testcase classname="com.PTMWeb.utilities.Baseclass" name="@AfterMethod quitbrowser" time="0.0">
    <skipped/>
  </testcase> <!-- @AfterMethod quitbrowser -->
  <testcase classname="com.PTMWeb.utilities.Baseclass" name="@BeforeMethod setup" time="0.0">
    <skipped/>
  </testcase> <!-- @BeforeMethod setup -->
  <testcase classname="com.PTMWeb.utilities.Baseclass" name="@AfterMethod quitbrowser" time="0.0">
    <skipped/>
  </testcase> <!-- @AfterMethod quitbrowser -->
  <testcase classname="com.PTMWeb.utilities.Baseclass" name="@BeforeMethod setup" time="0.0">
    <skipped/>
  </testcase> <!-- @BeforeMethod setup -->
  <testcase classname="com.PTMWeb.utilities.Baseclass" name="@AfterMethod quitbrowser" time="0.0">
    <skipped/>
  </testcase> <!-- @AfterMethod quitbrowser -->
  <testcase classname="com.PTMWeb.utilities.Baseclass" name="@BeforeMethod setup" time="0.0">
    <skipped/>
  </testcase> <!-- @BeforeMethod setup -->
  <testcase classname="com.PTMWeb.utilities.Baseclass" name="@AfterMethod quitbrowser" time="0.0">
    <skipped/>
  </testcase> <!-- @AfterMethod quitbrowser -->
  <testcase classname="com.PTMWeb.utilities.Baseclass" name="@BeforeMethod setup" time="0.0">
    <skipped/>
  </testcase> <!-- @BeforeMethod setup -->
  <testcase classname="com.PTMWeb.utilities.Baseclass" name="@AfterMethod quitbrowser" time="0.0">
    <skipped/>
  </testcase> <!-- @AfterMethod quitbrowser -->
  <testcase classname="com.PTMWeb.utilities.Baseclass" name="@BeforeMethod setup" time="0.0">
    <skipped/>
  </testcase> <!-- @BeforeMethod setup -->
  <testcase classname="com.PTMWeb.utilities.Baseclass" name="@AfterMethod quitbrowser" time="0.0">
    <skipped/>
  </testcase> <!-- @AfterMethod quitbrowser -->
  <testcase classname="com.PTMWeb.utilities.Baseclass" name="@BeforeMethod setup" time="0.0">
    <skipped/>
  </testcase> <!-- @BeforeMethod setup -->
  <testcase classname="com.PTMWeb.utilities.Baseclass" name="@AfterMethod quitbrowser" time="0.0">
    <skipped/>
  </testcase> <!-- @AfterMethod quitbrowser -->
  <testcase classname="com.PTMWeb.utilities.Baseclass" name="@BeforeMethod setup" time="0.0">
    <skipped/>
  </testcase> <!-- @BeforeMethod setup -->
  <testcase classname="com.PTMWeb.utilities.Baseclass" name="@AfterMethod quitbrowser" time="0.0">
    <skipped/>
  </testcase> <!-- @AfterMethod quitbrowser -->
  <testcase classname="com.PTMWeb.utilities.Baseclass" name="@BeforeMethod setup" time="0.0">
    <skipped/>
  </testcase> <!-- @BeforeMethod setup -->
  <testcase classname="com.PTMWeb.utilities.Baseclass" name="@AfterMethod quitbrowser" time="0.0">
    <skipped/>
  </testcase> <!-- @AfterMethod quitbrowser -->
  <testcase classname="com.PTMWeb.utilities.Baseclass" name="@BeforeMethod setup" time="0.0">
    <skipped/>
  </testcase> <!-- @BeforeMethod setup -->
  <testcase classname="com.PTMWeb.utilities.Baseclass" name="@AfterMethod quitbrowser" time="0.0">
    <skipped/>
  </testcase> <!-- @AfterMethod quitbrowser -->
  <testcase classname="com.PTMWeb.utilities.Baseclass" name="@BeforeMethod setup" time="0.0">
    <skipped/>
  </testcase> <!-- @BeforeMethod setup -->
  <testcase classname="com.PTMWeb.utilities.Baseclass" name="@AfterMethod quitbrowser" time="0.0">
    <skipped/>
  </testcase> <!-- @AfterMethod quitbrowser -->
  <testcase classname="com.PTMWeb.utilities.Baseclass" name="@BeforeMethod setup" time="0.0">
    <skipped/>
  </testcase> <!-- @BeforeMethod setup -->
  <testcase classname="com.PTMWeb.utilities.Baseclass" name="@AfterMethod quitbrowser" time="0.0">
    <skipped/>
  </testcase> <!-- @AfterMethod quitbrowser -->
  <testcase classname="com.PTMWeb.utilities.Baseclass" name="@BeforeMethod setup" time="0.0">
    <skipped/>
  </testcase> <!-- @BeforeMethod setup -->
  <testcase classname="com.PTMWeb.utilities.Baseclass" name="@AfterMethod quitbrowser" time="0.0">
    <skipped/>
  </testcase> <!-- @AfterMethod quitbrowser -->
  <testcase classname="com.PTMWeb.utilities.Baseclass" name="@BeforeMethod setup" time="0.0">
    <skipped/>
  </testcase> <!-- @BeforeMethod setup -->
  <testcase classname="com.PTMWeb.utilities.Baseclass" name="@AfterMethod quitbrowser" time="0.0">
    <skipped/>
  </testcase> <!-- @AfterMethod quitbrowser -->
  <testcase classname="com.PTMWeb.utilities.Baseclass" name="@BeforeMethod setup" time="0.0">
    <skipped/>
  </testcase> <!-- @BeforeMethod setup -->
  <testcase classname="com.PTMWeb.utilities.Baseclass" name="@AfterMethod quitbrowser" time="0.0">
    <skipped/>
  </testcase> <!-- @AfterMethod quitbrowser -->
  <testcase classname="com.PTMWeb.utilities.Baseclass" name="@BeforeMethod setup" time="0.0">
    <skipped/>
  </testcase> <!-- @BeforeMethod setup -->
  <testcase classname="com.PTMWeb.utilities.Baseclass" name="@AfterMethod quitbrowser" time="0.0">
    <skipped/>
  </testcase> <!-- @AfterMethod quitbrowser -->
  <testcase classname="com.PTMWeb.utilities.Baseclass" name="@BeforeMethod setup" time="0.0">
    <skipped/>
  </testcase> <!-- @BeforeMethod setup -->
  <testcase classname="com.PTMWeb.utilities.Baseclass" name="@AfterMethod quitbrowser" time="0.0">
    <skipped/>
  </testcase> <!-- @AfterMethod quitbrowser -->
  <testcase classname="com.PTMWeb.utilities.Baseclass" name="@BeforeMethod setup" time="0.0">
    <skipped/>
  </testcase> <!-- @BeforeMethod setup -->
  <testcase classname="com.PTMWeb.utilities.Baseclass" name="@AfterMethod quitbrowser" time="0.0">
    <skipped/>
  </testcase> <!-- @AfterMethod quitbrowser -->
  <testcase classname="com.PTMWeb.utilities.Baseclass" name="@BeforeMethod setup" time="0.0">
    <skipped/>
  </testcase> <!-- @BeforeMethod setup -->
  <testcase classname="com.PTMWeb.utilities.Baseclass" name="@AfterMethod quitbrowser" time="0.0">
    <skipped/>
  </testcase> <!-- @AfterMethod quitbrowser -->
  <testcase classname="com.PTMWeb.utilities.Baseclass" name="@BeforeMethod setup" time="0.0">
    <skipped/>
  </testcase> <!-- @BeforeMethod setup -->
  <testcase classname="com.PTMWeb.utilities.Baseclass" name="@AfterMethod quitbrowser" time="0.0">
    <skipped/>
  </testcase> <!-- @AfterMethod quitbrowser -->
  <testcase classname="com.PTMWeb.utilities.Baseclass" name="@BeforeMethod setup" time="0.0">
    <skipped/>
  </testcase> <!-- @BeforeMethod setup -->
  <testcase classname="com.PTMWeb.utilities.Baseclass" name="@AfterMethod quitbrowser" time="0.0">
    <skipped/>
  </testcase> <!-- @AfterMethod quitbrowser -->
  <testcase classname="com.PTMWeb.utilities.Baseclass" name="@BeforeMethod setup" time="0.0">
    <skipped/>
  </testcase> <!-- @BeforeMethod setup -->
  <testcase classname="com.PTMWeb.utilities.Baseclass" name="@AfterMethod quitbrowser" time="0.0">
    <skipped/>
  </testcase> <!-- @AfterMethod quitbrowser -->
  <testcase classname="com.PTMWeb.utilities.Baseclass" name="@BeforeMethod setup" time="0.0">
    <skipped/>
  </testcase> <!-- @BeforeMethod setup -->
  <testcase classname="com.PTMWeb.utilities.Baseclass" name="@AfterMethod quitbrowser" time="0.0">
    <skipped/>
  </testcase> <!-- @AfterMethod quitbrowser -->
  <testcase classname="com.PTMWeb.utilities.Baseclass" name="@BeforeMethod setup" time="0.0">
    <skipped/>
  </testcase> <!-- @BeforeMethod setup -->
  <testcase classname="com.PTMWeb.utilities.Baseclass" name="@AfterMethod quitbrowser" time="0.0">
    <skipped/>
  </testcase> <!-- @AfterMethod quitbrowser -->
  <testcase classname="com.PTMWeb.utilities.Baseclass" name="@BeforeMethod setup" time="0.0">
    <skipped/>
  </testcase> <!-- @BeforeMethod setup -->
  <testcase classname="com.PTMWeb.utilities.Baseclass" name="@AfterMethod quitbrowser" time="0.0">
    <skipped/>
  </testcase> <!-- @AfterMethod quitbrowser -->
  <testcase classname="com.PTMWeb.utilities.Baseclass" name="@BeforeMethod setup" time="0.0">
    <skipped/>
  </testcase> <!-- @BeforeMethod setup -->
  <testcase classname="com.PTMWeb.utilities.Baseclass" name="@AfterMethod quitbrowser" time="0.0">
    <skipped/>
  </testcase> <!-- @AfterMethod quitbrowser -->
  <testcase classname="com.PTMWeb.utilities.Baseclass" name="@BeforeMethod setup" time="0.0">
    <skipped/>
  </testcase> <!-- @BeforeMethod setup -->
  <testcase classname="com.PTMWeb.utilities.Baseclass" name="@AfterMethod quitbrowser" time="0.0">
    <skipped/>
  </testcase> <!-- @AfterMethod quitbrowser -->
  <testcase classname="com.PTMWeb.utilities.Baseclass" name="@BeforeMethod setup" time="0.0">
    <skipped/>
  </testcase> <!-- @BeforeMethod setup -->
  <testcase classname="com.PTMWeb.utilities.Baseclass" name="@AfterMethod quitbrowser" time="0.0">
    <skipped/>
  </testcase> <!-- @AfterMethod quitbrowser -->
  <testcase classname="com.PTMWeb.utilities.Baseclass" name="@BeforeMethod setup" time="0.0">
    <skipped/>
  </testcase> <!-- @BeforeMethod setup -->
  <testcase classname="com.PTMWeb.utilities.Baseclass" name="@AfterMethod quitbrowser" time="0.0">
    <skipped/>
  </testcase> <!-- @AfterMethod quitbrowser -->
  <testcase classname="com.PTMWeb.utilities.Baseclass" name="@BeforeMethod setup" time="0.0">
    <skipped/>
  </testcase> <!-- @BeforeMethod setup -->
  <testcase classname="com.PTMWeb.utilities.Baseclass" name="@AfterMethod quitbrowser" time="0.0">
    <skipped/>
  </testcase> <!-- @AfterMethod quitbrowser -->
  <testcase classname="com.PTMWeb.utilities.Baseclass" name="@BeforeMethod setup" time="0.0">
    <skipped/>
  </testcase> <!-- @BeforeMethod setup -->
  <testcase classname="com.PTMWeb.utilities.Baseclass" name="@AfterMethod quitbrowser" time="0.0">
    <skipped/>
  </testcase> <!-- @AfterMethod quitbrowser -->
  <testcase classname="com.PTMWeb.utilities.Baseclass" name="@BeforeMethod setup" time="0.0">
    <skipped/>
  </testcase> <!-- @BeforeMethod setup -->
  <testcase classname="com.PTMWeb.utilities.Baseclass" name="@AfterMethod quitbrowser" time="0.0">
    <skipped/>
  </testcase> <!-- @AfterMethod quitbrowser -->
  <testcase classname="com.PTMWeb.utilities.Baseclass" name="@BeforeMethod setup" time="0.0">
    <skipped/>
  </testcase> <!-- @BeforeMethod setup -->
  <testcase classname="com.PTMWeb.utilities.Baseclass" name="@AfterMethod quitbrowser" time="0.0">
    <skipped/>
  </testcase> <!-- @AfterMethod quitbrowser -->
  <testcase classname="com.PTMWeb.utilities.Baseclass" name="@BeforeMethod setup" time="0.0">
    <skipped/>
  </testcase> <!-- @BeforeMethod setup -->
  <testcase classname="com.PTMWeb.utilities.Baseclass" name="@AfterMethod quitbrowser" time="0.0">
    <skipped/>
  </testcase> <!-- @AfterMethod quitbrowser -->
  <testcase classname="com.PTMWeb.utilities.Baseclass" name="@BeforeMethod setup" time="0.0">
    <skipped/>
  </testcase> <!-- @BeforeMethod setup -->
  <testcase classname="com.PTMWeb.utilities.Baseclass" name="@AfterMethod quitbrowser" time="0.0">
    <skipped/>
  </testcase> <!-- @AfterMethod quitbrowser -->
  <testcase classname="com.PTMWeb.utilities.Baseclass" name="@BeforeMethod setup" time="0.0">
    <skipped/>
  </testcase> <!-- @BeforeMethod setup -->
  <testcase classname="com.PTMWeb.utilities.Baseclass" name="@AfterMethod quitbrowser" time="0.0">
    <skipped/>
  </testcase> <!-- @AfterMethod quitbrowser -->
  <testcase classname="com.PTMWeb.utilities.Baseclass" name="@AfterMethod quitbrowser" time="0.0">
    <skipped/>
  </testcase> <!-- @AfterMethod quitbrowser -->
  <testcase classname="com.PTMWeb.testcases.TC_AsureTaxPortal" name="TC_02_User_downloads_the_Liabilities_issues_Report_by_searching_with_Check_Date" time="0.292">
    <failure type="java.lang.ArrayIndexOutOfBoundsException" message="Index 1 out of bounds for length 0">
      <![CDATA[java.lang.ArrayIndexOutOfBoundsException: Index 1 out of bounds for length 0
at java.base/java.util.ArrayList.add(ArrayList.java:455)
at java.base/java.util.ArrayList.add(ArrayList.java:467)
at com.aventstack.extentreports.AbstractProcessor.onSystemInfoAdded(AbstractProcessor.java:93)
at com.aventstack.extentreports.ExtentReports.setSystemInfo(ExtentReports.java:299)
at com.PTMWeb.utilities.Reports.InitializeReport(Reports.java:64)
at com.PTMWeb.testcases.TC_AsureTaxPortal.TC_02_User_downloads_the_Liabilities_issues_Report_by_searching_with_Check_Date(TC_AsureTaxPortal.java:53)
at java.base/java.util.concurrent.ThreadPoolExecutor.runWorker(ThreadPoolExecutor.java:1136)
at java.base/java.util.concurrent.ThreadPoolExecutor$Worker.run(ThreadPoolExecutor.java:635)
at java.base/java.lang.Thread.run(Thread.java:833)
... Removed 12 stack frames]]>
    </failure>
  </testcase> <!-- TC_02_User_downloads_the_Liabilities_issues_Report_by_searching_with_Check_Date -->
  <testcase classname="com.PTMWeb.testcases.TC_AsureTaxPortal" name="TC_03_User_downloads_the_Liabilities_issues_Report_by_searching_with_Reason" time="0.0">
    <skipped/>
  </testcase> <!-- TC_03_User_downloads_the_Liabilities_issues_Report_by_searching_with_Reason -->
  <testcase classname="com.PTMWeb.testcases.TC_AsureTaxPortal" name="TC_04_User_downloads_the_Payment_issues_Report_by_searching_with_Payroll_ID" time="0.0">
    <skipped/>
  </testcase> <!-- TC_04_User_downloads_the_Payment_issues_Report_by_searching_with_Payroll_ID -->
  <testcase classname="com.PTMWeb.testcases.TC_AsureTaxPortal" name="TC_05_User_downloads_the_Payment_issues_Report_by_searching_with_Agency_ID" time="0.0">
    <skipped/>
  </testcase> <!-- TC_05_User_downloads_the_Payment_issues_Report_by_searching_with_Agency_ID -->
  <testcase classname="com.PTMWeb.testcases.TC_AsureTaxPortal" name="TC_06_User_downloads_the_Payment_issues_Report_by_searching_with_Description" time="0.0">
    <skipped/>
  </testcase> <!-- TC_06_User_downloads_the_Payment_issues_Report_by_searching_with_Description -->
  <testcase classname="com.PTMWeb.testcases.TC_AsureTaxPortal" name="TC_07_User_downloads_the_Payment_issues_Report_by_searching_with_Due_Date" time="0.0">
    <skipped/>
  </testcase> <!-- TC_07_User_downloads_the_Payment_issues_Report_by_searching_with_Due_Date -->
  <testcase classname="com.PTMWeb.testcases.TC_AsureTaxPortal" name="TC_08_User_downloads_the_Payment_issues_Report_by_searching_with_Amount" time="0.0">
    <skipped/>
  </testcase> <!-- TC_08_User_downloads_the_Payment_issues_Report_by_searching_with_Amount -->
  <testcase classname="com.PTMWeb.testcases.TC_AsureTaxPortal" name="TC_09_User_downloads_the_Payment_issues_Report_by_searching_with_Reason_Code" time="0.0">
    <skipped/>
  </testcase> <!-- TC_09_User_downloads_the_Payment_issues_Report_by_searching_with_Reason_Code -->
  <testcase classname="com.PTMWeb.testcases.TC_AsureTaxPortal" name="TC_10_User_downloads_the_NSF_Hold_Report_by_searching_with_Payroll_ID" time="0.0">
    <skipped/>
  </testcase> <!-- TC_10_User_downloads_the_NSF_Hold_Report_by_searching_with_Payroll_ID -->
  <testcase classname="com.PTMWeb.testcases.TC_AsureTaxPortal" name="TC_11_User_downloads_the_NSF_Hold_Report_by_searching_with_Agency_ID" time="0.0">
    <skipped/>
  </testcase> <!-- TC_11_User_downloads_the_NSF_Hold_Report_by_searching_with_Agency_ID -->
  <testcase classname="com.PTMWeb.testcases.TC_AsureTaxPortal" name="TC_12_User_downloads_the_NSF_Hold_Report_by_searching_with_Description" time="0.0">
    <skipped/>
  </testcase> <!-- TC_12_User_downloads_the_NSF_Hold_Report_by_searching_with_Description -->
  <testcase classname="com.PTMWeb.testcases.TC_AsureTaxPortal" name="TC_13_User_downloads_the_NSF_Hold_Report_by_searching_with_Amount" time="0.0">
    <skipped/>
  </testcase> <!-- TC_13_User_downloads_the_NSF_Hold_Report_by_searching_with_Amount -->
  <testcase classname="com.PTMWeb.testcases.TC_AsureTaxPortal" name="TC_14_User_downloads_the_Applied_For_Report_by_searching_with_PayrollID" time="0.0">
    <skipped/>
  </testcase> <!-- TC_14_User_downloads_the_Applied_For_Report_by_searching_with_PayrollID -->
  <testcase classname="com.PTMWeb.testcases.TC_AsureTaxPortal" name="TC_15_User_downloads_the_Applied_For_Report_by_searching_with_AgencyID" time="0.0">
    <skipped/>
  </testcase> <!-- TC_15_User_downloads_the_Applied_For_Report_by_searching_with_AgencyID -->
  <testcase classname="com.PTMWeb.testcases.TC_AsureTaxPortal" name="TC_16_User_downloads_the_Applied_For_Report_by_searching_with_Description" time="0.0">
    <skipped/>
  </testcase> <!-- TC_16_User_downloads_the_Applied_For_Report_by_searching_with_Description -->
  <testcase classname="com.PTMWeb.testcases.TC_AsureTaxPortal" name="TC_17_User_downloads_the_Applied_For_Report_by_searching_with_Check_Date" time="0.0">
    <skipped/>
  </testcase> <!-- TC_17_User_downloads_the_Applied_For_Report_by_searching_with_Check_Date -->
  <testcase classname="com.PTMWeb.testcases.TC_AsureTaxPortal" name="TC_18_User_downloads_the_Applied_For_Report_by_searching_with_Amount" time="0.0">
    <skipped/>
  </testcase> <!-- TC_18_User_downloads_the_Applied_For_Report_by_searching_with_Amount -->
  <testcase classname="com.PTMWeb.testcases.TC_AsureTaxPortal" name="TC_19_User_downloads_the_Applied_For_Report_by_searching_with_Due_date" time="0.0">
    <skipped/>
  </testcase> <!-- TC_19_User_downloads_the_Applied_For_Report_by_searching_with_Due_date -->
  <testcase classname="com.PTMWeb.testcases.TC_AsureTaxPortal" name="TC_20_User_downloads_the_Alerts_Report_by_searching_with_Active_From_Date" time="0.0">
    <skipped/>
  </testcase> <!-- TC_20_User_downloads_the_Alerts_Report_by_searching_with_Active_From_Date -->
  <testcase classname="com.PTMWeb.testcases.TC_AsureTaxPortal" name="TC_21_User_downloads_the_Alerts_Report_by_searching_with_Alert_Name" time="0.0">
    <skipped/>
  </testcase> <!-- TC_21_User_downloads_the_Alerts_Report_by_searching_with_Alert_Name -->
  <testcase classname="com.PTMWeb.testcases.TC_AsureTaxPortal" name="TC_22_User_downloads_the_Alerts_Report_by_searching_with_Alert_Text" time="0.0">
    <skipped/>
  </testcase> <!-- TC_22_User_downloads_the_Alerts_Report_by_searching_with_Alert_Text -->
  <testcase classname="com.PTMWeb.testcases.TC_AsureTaxPortal" name="TC_23_User_downloads_the_Recent_Liabilities_by_searching_with_Payroll_ID" time="0.0">
    <skipped/>
  </testcase> <!-- TC_23_User_downloads_the_Recent_Liabilities_by_searching_with_Payroll_ID -->
  <testcase classname="com.PTMWeb.testcases.TC_AsureTaxPortal" name="TC_24_User_downloads_the_Recent_Liabilities_by_searching_with_Check_Date" time="0.0">
    <skipped/>
  </testcase> <!-- TC_24_User_downloads_the_Recent_Liabilities_by_searching_with_Check_Date -->
  <testcase classname="com.PTMWeb.testcases.TC_AsureTaxPortal" name="TC_25_User_downloads_the_Recent_Liabilities_by_searching_with_Entry_Date" time="0.0">
    <skipped/>
  </testcase> <!-- TC_25_User_downloads_the_Recent_Liabilities_by_searching_with_Entry_Date -->
  <testcase classname="com.PTMWeb.testcases.TC_AsureTaxPortal" name="TC_26_User_downloads_the_Recent_Liabilities_by_searching_with_Amount" time="0.0">
    <skipped/>
  </testcase> <!-- TC_26_User_downloads_the_Recent_Liabilities_by_searching_with_Amount -->
  <testcase classname="com.PTMWeb.testcases.TC_AsureTaxPortal" name="TC_27_User_downloads_the_Recent_Liabilities_by_searching_with_Status" time="0.0">
    <skipped/>
  </testcase> <!-- TC_27_User_downloads_the_Recent_Liabilities_by_searching_with_Status -->
  <testcase classname="com.PTMWeb.testcases.TC_AsureTaxPortal" name="TC_28_Validating_the_Description_in_Recent_Liabilities" time="0.0">
    <skipped/>
  </testcase> <!-- TC_28_Validating_the_Description_in_Recent_Liabilities -->
  <testcase classname="com.PTMWeb.testcases.TC_AsureTaxPortal" name="TC_29_Validate_NSF_Hold_Card_colour_is_Red_if_the_status_of_NSF_Hold_is_Yes_Or_Card_colour_should_be_Green_if_the_status_of_NSF_Hold_is_No_in_company_details" time="0.0">
    <skipped/>
  </testcase> <!-- TC_29_Validate_NSF_Hold_Card_colour_is_Red_if_the_status_of_NSF_Hold_is_Yes_Or_Card_colour_should_be_Green_if_the_status_of_NSF_Hold_is_No_in_company_details -->
  <testcase classname="com.PTMWeb.testcases.TC_AsureTaxPortal" name="TC_30_Validate_User_can_view_the_Tax_Packages_by_selecting_quarter_and_year" time="0.0">
    <skipped/>
  </testcase> <!-- TC_30_Validate_User_can_view_the_Tax_Packages_by_selecting_quarter_and_year -->
  <testcase classname="com.PTMWeb.testcases.TC_AsureTaxPortal" name="TC_31_Validate_User_can_download_the_Tax_Packages_by_selecting_quarter_and_year" time="0.0">
    <skipped/>
  </testcase> <!-- TC_31_Validate_User_can_download_the_Tax_Packages_by_selecting_quarter_and_year -->
  <testcase classname="com.PTMWeb.testcases.TC_AsureTaxPortal" name="TC_32_Validate_user_can_view_the_company_details_by_selecting_DOUGH_NUTS_INC" time="0.0">
    <skipped/>
  </testcase> <!-- TC_32_Validate_user_can_view_the_company_details_by_selecting_DOUGH_NUTS_INC -->
  <testcase classname="com.PTMWeb.testcases.TC_AsureTaxPortal" name="TC_33_Validate_user_can_view_the_contact_by_selecting_DOUGH_NUTS_INC" time="0.0">
    <skipped/>
  </testcase> <!-- TC_33_Validate_user_can_view_the_contact_by_selecting_DOUGH_NUTS_INC -->
  <testcase classname="com.PTMWeb.testcases.TC_AsureTaxPortal" name="TC_34_Validate_User_can_view_the_Tax_Agencies_by_searching_with_Agency_ID" time="0.0">
    <skipped/>
  </testcase> <!-- TC_34_Validate_User_can_view_the_Tax_Agencies_by_searching_with_Agency_ID -->
  <testcase classname="com.PTMWeb.testcases.TC_AsureTaxPortal" name="TC_35_Validate_User_can_view_the_Tax_Agencies_by_searching_with_Description" time="0.0">
    <skipped/>
  </testcase> <!-- TC_35_Validate_User_can_view_the_Tax_Agencies_by_searching_with_Description -->
  <testcase classname="com.PTMWeb.testcases.TC_AsureTaxPortal" name="TC_36_Validate_User_can_view_the_Tax_Agencies_by_searching_with_Main_Agency_ID" time="0.0">
    <skipped/>
  </testcase> <!-- TC_36_Validate_User_can_view_the_Tax_Agencies_by_searching_with_Main_Agency_ID -->
  <testcase classname="com.PTMWeb.testcases.TC_AsureTaxPortal" name="TC_37_Validate_User_can_view_the_Tax_Agencies_by_searching_with_Client_Tax_ID" time="0.0">
    <skipped/>
  </testcase> <!-- TC_37_Validate_User_can_view_the_Tax_Agencies_by_searching_with_Client_Tax_ID -->
  <testcase classname="com.PTMWeb.testcases.TC_AsureTaxPortal" name="TC_38_Validate_User_can_view_the_Tax_Agencies_by_searching_with_Frequency_Type" time="0.001">
    <skipped/>
  </testcase> <!-- TC_38_Validate_User_can_view_the_Tax_Agencies_by_searching_with_Frequency_Type -->
  <testcase classname="com.PTMWeb.testcases.TC_AsureTaxPortal" name="TC_39_Validate_User_can_view_the_Tax_Agencies_by_searching_with_Frequency" time="0.0">
    <skipped/>
  </testcase> <!-- TC_39_Validate_User_can_view_the_Tax_Agencies_by_searching_with_Frequency -->
  <testcase classname="com.PTMWeb.testcases.TC_AsureTaxPortal" name="TC_40_Validate_User_can_view_the_Tax_Agencies_by_searching_with_TaxRate" time="0.0">
    <skipped/>
  </testcase> <!-- TC_40_Validate_User_can_view_the_Tax_Agencies_by_searching_with_TaxRate -->
  <testcase classname="com.PTMWeb.testcases.TC_AsureTaxPortal" name="TC_41_Validate_User_can_search_and_download_the_Announcements_in_Excel_file" time="0.0">
    <skipped/>
  </testcase> <!-- TC_41_Validate_User_can_search_and_download_the_Announcements_in_Excel_file -->
  <testcase classname="com.PTMWeb.testcases.TC_AsureTaxPortal" name="TC_42_Validate_User_can_search_and_download_the_Announcements_in_Pdf_file" time="0.0">
    <skipped/>
  </testcase> <!-- TC_42_Validate_User_can_search_and_download_the_Announcements_in_Pdf_file -->
  <testcase classname="com.PTMWeb.testcases.TC_AsureTaxPortal" name="TC_43_Validate_User_can_view_the_Upcoming_Payments_record_by_searching_with_Due_date" time="0.0">
    <skipped/>
  </testcase> <!-- TC_43_Validate_User_can_view_the_Upcoming_Payments_record_by_searching_with_Due_date -->
  <testcase classname="com.PTMWeb.testcases.TC_AsureTaxPortal" name="TC_44_Validate_User_can_view_the_Upcoming_Payments_record_by_searching_with_Amount" time="0.0">
    <skipped/>
  </testcase> <!-- TC_44_Validate_User_can_view_the_Upcoming_Payments_record_by_searching_with_Amount -->
  <testcase classname="com.PTMWeb.testcases.TC_AsureTaxPortal" name="TC_45_Validate_User_can_view_the_Upcoming_Payments_record_by_searching_with_Count" time="0.0">
    <skipped/>
  </testcase> <!-- TC_45_Validate_User_can_view_the_Upcoming_Payments_record_by_searching_with_Count -->
  <testcase classname="com.PTMWeb.testcases.TC_AsureTaxPortal" name="TC_46_Validate_User_can_view_the_Upcoming_Payments_record_by_searching_with_PayrollID" time="0.0">
    <skipped/>
  </testcase> <!-- TC_46_Validate_User_can_view_the_Upcoming_Payments_record_by_searching_with_PayrollID -->
  <testcase classname="com.PTMWeb.testcases.TC_AsureTaxPortal" name="TC_47_Validate_User_can_view_the_Upcoming_Payments_record_by_searching_with_AgencyID" time="0.0">
    <skipped/>
  </testcase> <!-- TC_47_Validate_User_can_view_the_Upcoming_Payments_record_by_searching_with_AgencyID -->
  <testcase classname="com.PTMWeb.testcases.TC_AsureTaxPortal" name="TC_48_Validate_User_can_view_the_Upcoming_Payments_record_by_searching_with_Description" time="0.0">
    <skipped/>
  </testcase> <!-- TC_48_Validate_User_can_view_the_Upcoming_Payments_record_by_searching_with_Description -->
  <testcase classname="com.PTMWeb.testcases.TC_AsureTaxPortal" name="TC_49_Validate_User_can_view_the_Upcoming_Payments_record_by_searching_with_Duedate1" time="0.0">
    <skipped/>
  </testcase> <!-- TC_49_Validate_User_can_view_the_Upcoming_Payments_record_by_searching_with_Duedate1 -->
  <testcase classname="com.PTMWeb.testcases.TC_AsureTaxPortal" name="TC_50_Validate_User_can_view_the_Upcoming_Payments_record_by_searching_with_Amount" time="0.0">
    <skipped/>
  </testcase> <!-- TC_50_Validate_User_can_view_the_Upcoming_Payments_record_by_searching_with_Amount -->
  <testcase classname="com.PTMWeb.testcases.TC_AsureTaxPortal" name="TC_51_Validate_User_can_view_the_Funding_Issues_by_searching_with_PayrollID" time="0.0">
    <skipped/>
  </testcase> <!-- TC_51_Validate_User_can_view_the_Funding_Issues_by_searching_with_PayrollID -->
  <testcase classname="com.PTMWeb.testcases.TC_AsureTaxPortal" name="TC_52_Validate_User_can_view_the_Funding_Issues_by_searching_with_Amount" time="0.0">
    <skipped/>
  </testcase> <!-- TC_52_Validate_User_can_view_the_Funding_Issues_by_searching_with_Amount -->
  <testcase classname="com.PTMWeb.testcases.TC_AsureTaxPortal" name="TC_53_Validate_User_can_view_the_Funding_Issues_by_searching_with_FundingDate" time="0.0">
    <skipped/>
  </testcase> <!-- TC_53_Validate_User_can_view_the_Funding_Issues_by_searching_with_FundingDate -->
  <testcase classname="com.PTMWeb.testcases.TC_AsureTaxPortal" name="TC_54_Validate_User_can_view_the_Funding_Issues_by_searching_with_Reason" time="0.0">
    <skipped/>
  </testcase> <!-- TC_54_Validate_User_can_view_the_Funding_Issues_by_searching_with_Reason -->
  <testcase classname="com.PTMWeb.testcases.TC_AsureTaxPortal" name="TC_55_Validate_User_can_view_the_Recent_Liabilities_Tax_records_by_searching_with_Description" time="0.0">
    <skipped/>
  </testcase> <!-- TC_55_Validate_User_can_view_the_Recent_Liabilities_Tax_records_by_searching_with_Description -->
  <testcase classname="com.PTMWeb.testcases.TC_AsureTaxPortal" name="TC_56_Validate_User_can_view_the_Recent_Liabilities_Tax_records_by_searching_with_Amount" time="0.0">
    <skipped/>
  </testcase> <!-- TC_56_Validate_User_can_view_the_Recent_Liabilities_Tax_records_by_searching_with_Amount -->
  <testcase classname="com.PTMWeb.testcases.TC_AsureTaxPortal" name="TC_57_Validate_User_can_view_the_NSF_Hold_Card_color_as_Red_if_NSF_Hold_records_are_displayed_in_the_table" time="0.0">
    <skipped/>
  </testcase> <!-- TC_57_Validate_User_can_view_the_NSF_Hold_Card_color_as_Red_if_NSF_Hold_records_are_displayed_in_the_table -->
  <testcase classname="com.PTMWeb.testcases.TC_AsureTaxPortal" name="TC_64_BHBAKERY_Validate_NSF_Hold_Card_colour_is_Red_if_the_status_of_NSF_Hold_is_Yes_Or_Card_colour_should_be_Green_if_the_status_of_NSF_Hold_is_No_in_company_details" time="0.0">
    <skipped/>
  </testcase> <!-- TC_64_BHBAKERY_Validate_NSF_Hold_Card_colour_is_Red_if_the_status_of_NSF_Hold_is_Yes_Or_Card_colour_should_be_Green_if_the_status_of_NSF_Hold_is_No_in_company_details -->
  <testcase classname="com.PTMWeb.testcases.TC_AsureTaxPortal" name="TC_65_Validate_User_can_view_the_Tax_Packages_by_selecting_quarter_and_year" time="0.0">
    <skipped/>
  </testcase> <!-- TC_65_Validate_User_can_view_the_Tax_Packages_by_selecting_quarter_and_year -->
  <testcase classname="com.PTMWeb.testcases.TC_AsureTaxPortal" name="TC_66_BHBakery_Validate_user_can_view_the_company_details_by_selecting_BH_BAKERY_INC" time="0.0">
    <skipped/>
  </testcase> <!-- TC_66_BHBakery_Validate_user_can_view_the_company_details_by_selecting_BH_BAKERY_INC -->
  <testcase classname="com.PTMWeb.testcases.TC_AsureTaxPortal" name="TC_67_BHBakery_Validate_user_can_view_the_contact_by_selecting_BH_BAKERY_INC" time="0.0">
    <skipped/>
  </testcase> <!-- TC_67_BHBakery_Validate_user_can_view_the_contact_by_selecting_BH_BAKERY_INC -->
  <testcase classname="com.PTMWeb.testcases.TC_AsureTaxPortal" name="TC_68_BH_BAKERY_Validate_User_can_view_the_Tax_Agencies_by_searching_with_Agency_ID" time="0.0">
    <skipped/>
  </testcase> <!-- TC_68_BH_BAKERY_Validate_User_can_view_the_Tax_Agencies_by_searching_with_Agency_ID -->
  <testcase classname="com.PTMWeb.testcases.TC_AsureTaxPortal" name="TC_69_BH_BAKERY_Validate_User_can_view_the_Tax_Agencies_by_searching_with_Description" time="0.0">
    <skipped/>
  </testcase> <!-- TC_69_BH_BAKERY_Validate_User_can_view_the_Tax_Agencies_by_searching_with_Description -->
  <testcase classname="com.PTMWeb.testcases.TC_AsureTaxPortal" name="TC_70_BH_BAKERY_Validate_User_can_view_the_Tax_Agencies_by_searching_with_Main_Agency_ID" time="0.0">
    <skipped/>
  </testcase> <!-- TC_70_BH_BAKERY_Validate_User_can_view_the_Tax_Agencies_by_searching_with_Main_Agency_ID -->
  <testcase classname="com.PTMWeb.testcases.TC_AsureTaxPortal" name="TC_71_BH_BAKERY_Validate_User_can_view_the_Tax_Agencies_by_searching_with_Client_Tax_ID" time="0.0">
    <skipped/>
  </testcase> <!-- TC_71_BH_BAKERY_Validate_User_can_view_the_Tax_Agencies_by_searching_with_Client_Tax_ID -->
  <testcase classname="com.PTMWeb.testcases.TC_AsureTaxPortal" name="TC_72_BH_BAKERY_Validate_User_can_view_the_Tax_Agencies_by_searching_with_Frequency_Type" time="0.0">
    <skipped/>
  </testcase> <!-- TC_72_BH_BAKERY_Validate_User_can_view_the_Tax_Agencies_by_searching_with_Frequency_Type -->
  <testcase classname="com.PTMWeb.testcases.TC_AsureTaxPortal" name="TC_73_BH_BAKERY_Validate_User_can_view_the_Tax_Agencies_by_searching_with_Frequency" time="0.0">
    <skipped/>
  </testcase> <!-- TC_73_BH_BAKERY_Validate_User_can_view_the_Tax_Agencies_by_searching_with_Frequency -->
  <testcase classname="com.PTMWeb.testcases.TC_AsureTaxPortal" name="TC_74_BH_BAKERY_Validate_User_can_view_the_Tax_Agencies_by_searching_with_Tax_Rate" time="0.0">
    <skipped/>
  </testcase> <!-- TC_74_BH_BAKERY_Validate_User_can_view_the_Tax_Agencies_by_searching_with_Tax_Rate -->
  <testcase classname="com.PTMWeb.testcases.TC_AsureTaxPortal" name="TC_81_TIBERIUM_SYSTEMS_Validate_User_can_view_the_NSF_Hold_Card_color_as_Green_if_NSF_Hold_records_are_not_displayed_in_the_table" time="0.0">
    <skipped/>
  </testcase> <!-- TC_81_TIBERIUM_SYSTEMS_Validate_User_can_view_the_NSF_Hold_Card_color_as_Green_if_NSF_Hold_records_are_not_displayed_in_the_table -->
  <testcase classname="com.PTMWeb.testcases.TC_AsureTaxPortal" name="TC_82_TIBERIUM_SYSTEMS_Validate_User_can_view_the_Tax_Packages_by_selecting_quarter_and_year" time="0.0">
    <skipped/>
  </testcase> <!-- TC_82_TIBERIUM_SYSTEMS_Validate_User_can_view_the_Tax_Packages_by_selecting_quarter_and_year -->
  <testcase classname="com.PTMWeb.testcases.TC_AsureTaxPortal" name="TC_83_TIBERIUM_SYSTEMS_Validate_user_can_view_the_company_details_by_selecting_TIBERIUM_SYSTEMS_LLC" time="0.0">
    <skipped/>
  </testcase> <!-- TC_83_TIBERIUM_SYSTEMS_Validate_user_can_view_the_company_details_by_selecting_TIBERIUM_SYSTEMS_LLC -->
  <testcase classname="com.PTMWeb.testcases.TC_AsureTaxPortal" name="TC_84_TIBERIUM_SYSTEMS_Validate_user_can_view_the_contact_by_selecting_TIBERIUM_SYSTEMS_LLC" time="0.0">
    <skipped/>
  </testcase> <!-- TC_84_TIBERIUM_SYSTEMS_Validate_user_can_view_the_contact_by_selecting_TIBERIUM_SYSTEMS_LLC -->
  <testcase classname="com.PTMWeb.testcases.TC_AsureTaxPortal" name="TC_85_TIBERIUM_SYSTEMS_Validate_User_can_view_the_Tax_Agencies_by_searching_with_Agency_ID" time="0.0">
    <skipped/>
  </testcase> <!-- TC_85_TIBERIUM_SYSTEMS_Validate_User_can_view_the_Tax_Agencies_by_searching_with_Agency_ID -->
  <testcase classname="com.PTMWeb.testcases.TC_AsureTaxPortal" name="TC_86_TIBERIUM_SYSTEMS_Validate_User_can_view_the_Tax_Agencies_by_searching_with_Description" time="0.0">
    <skipped/>
  </testcase> <!-- TC_86_TIBERIUM_SYSTEMS_Validate_User_can_view_the_Tax_Agencies_by_searching_with_Description -->
  <testcase classname="com.PTMWeb.testcases.TC_AsureTaxPortal" name="TC_87_TIBERIUM_SYSTEMS_Validate_User_can_view_the_Tax_Agencies_by_searching_with_Main_Agency_ID" time="0.0">
    <skipped/>
  </testcase> <!-- TC_87_TIBERIUM_SYSTEMS_Validate_User_can_view_the_Tax_Agencies_by_searching_with_Main_Agency_ID -->
  <testcase classname="com.PTMWeb.testcases.TC_AsureTaxPortal" name="TC_88_TIBERIUM_SYSTEMS_Validate_User_can_view_the_Tax_Agencies_by_searching_with_Client_Tax_ID" time="0.0">
    <skipped/>
  </testcase> <!-- TC_88_TIBERIUM_SYSTEMS_Validate_User_can_view_the_Tax_Agencies_by_searching_with_Client_Tax_ID -->
  <testcase classname="com.PTMWeb.testcases.TC_AsureTaxPortal" name="TC_89_TIBERIUM_SYSTEMS_Validate_User_can_view_the_Tax_Agencies_by_searching_with_Frequency_Type" time="0.0">
    <skipped/>
  </testcase> <!-- TC_89_TIBERIUM_SYSTEMS_Validate_User_can_view_the_Tax_Agencies_by_searching_with_Frequency_Type -->
  <testcase classname="com.PTMWeb.testcases.TC_AsureTaxPortal" name="TC_90_TIBERIUM_SYSTEMS_Validate_User_can_view_the_Tax_Agencies_by_searching_with_Frequency" time="0.0">
    <skipped/>
  </testcase> <!-- TC_90_TIBERIUM_SYSTEMS_Validate_User_can_view_the_Tax_Agencies_by_searching_with_Frequency -->
  <testcase classname="com.PTMWeb.testcases.TC_AsureTaxPortal" name="TC_91_TIBERIUM_SYSTEMS_Validate_User_can_view_the_Tax_Agencies_by_searching_with_Tax_Rate" time="0.0">
    <skipped/>
  </testcase> <!-- TC_91_TIBERIUM_SYSTEMS_Validate_User_can_view_the_Tax_Agencies_by_searching_with_Tax_Rate -->
  <testcase classname="com.PTMWeb.testcases.TC_AsureTaxPortal" name="TC_BHBAKERY_58_User_downloads_the_Payment_issues_Report_by_searching_with_Payroll_ID" time="0.0">
    <skipped/>
  </testcase> <!-- TC_BHBAKERY_58_User_downloads_the_Payment_issues_Report_by_searching_with_Payroll_ID -->
  <testcase classname="com.PTMWeb.testcases.TC_AsureTaxPortal" name="TC_BHBAKERY_59_User_downloads_the_Payment_issues_Report_by_searching_with_Agency_ID" time="0.0">
    <skipped/>
  </testcase> <!-- TC_BHBAKERY_59_User_downloads_the_Payment_issues_Report_by_searching_with_Agency_ID -->
  <testcase classname="com.PTMWeb.testcases.TC_AsureTaxPortal" name="TC_BHBAKERY_60_User_downloads_the_Payment_issues_Report_by_searching_with_Description" time="0.0">
    <skipped/>
  </testcase> <!-- TC_BHBAKERY_60_User_downloads_the_Payment_issues_Report_by_searching_with_Description -->
  <testcase classname="com.PTMWeb.testcases.TC_AsureTaxPortal" name="TC_BHBAKERY_61_User_downloads_the_Payment_issues_Report_by_searching_with_Duedate" time="0.0">
    <skipped/>
  </testcase> <!-- TC_BHBAKERY_61_User_downloads_the_Payment_issues_Report_by_searching_with_Duedate -->
  <testcase classname="com.PTMWeb.testcases.TC_AsureTaxPortal" name="TC_BHBAKERY_62_User_downloads_the_Payment_issues_Report_by_searching_with_Amount" time="0.0">
    <skipped/>
  </testcase> <!-- TC_BHBAKERY_62_User_downloads_the_Payment_issues_Report_by_searching_with_Amount -->
  <testcase classname="com.PTMWeb.testcases.TC_AsureTaxPortal" name="TC_BHBAKERY_63_User_downloads_the_Payment_issues_Report_by_searching_with_Reason_code" time="0.0">
    <skipped/>
  </testcase> <!-- TC_BHBAKERY_63_User_downloads_the_Payment_issues_Report_by_searching_with_Reason_code -->
  <testcase classname="com.PTMWeb.testcases.TC_AsureTaxPortal" name="TC_BHBAKERY_75_TIBERIUM_SYSTEMS_User_downloads_the_Payment_issues_Report_by_searching_with_Payroll_ID" time="0.0">
    <skipped/>
  </testcase> <!-- TC_BHBAKERY_75_TIBERIUM_SYSTEMS_User_downloads_the_Payment_issues_Report_by_searching_with_Payroll_ID -->
  <testcase classname="com.PTMWeb.testcases.TC_AsureTaxPortal" name="TC_BHBAKERY_76_TIBERIUM_SYSTEMS_User_downloads_the_Payment_issues_Report_by_searching_with_Agency_ID" time="0.0">
    <skipped/>
  </testcase> <!-- TC_BHBAKERY_76_TIBERIUM_SYSTEMS_User_downloads_the_Payment_issues_Report_by_searching_with_Agency_ID -->
  <testcase classname="com.PTMWeb.testcases.TC_AsureTaxPortal" name="TC_BHBAKERY_77_TIBERIUM_SYSTEMS_User_downloads_the_Payment_issues_Report_by_searching_with_Description" time="0.0">
    <skipped/>
  </testcase> <!-- TC_BHBAKERY_77_TIBERIUM_SYSTEMS_User_downloads_the_Payment_issues_Report_by_searching_with_Description -->
  <testcase classname="com.PTMWeb.testcases.TC_AsureTaxPortal" name="TC_BHBAKERY_78_TIBERIUM_SYSTEMS_User_downloads_the_Payment_issues_Report_by_searching_with_Due_date" time="0.0">
    <skipped/>
  </testcase> <!-- TC_BHBAKERY_78_TIBERIUM_SYSTEMS_User_downloads_the_Payment_issues_Report_by_searching_with_Due_date -->
  <testcase classname="com.PTMWeb.testcases.TC_AsureTaxPortal" name="TC_BHBAKERY_79_TIBERIUM_SYSTEMS_User_downloads_the_Payment_issues_Report_by_searching_with_Amount" time="0.0">
    <skipped/>
  </testcase> <!-- TC_BHBAKERY_79_TIBERIUM_SYSTEMS_User_downloads_the_Payment_issues_Report_by_searching_with_Amount -->
  <testcase classname="com.PTMWeb.testcases.TC_AsureTaxPortal" name="TC_BHBAKERY_80_TIBERIUM_SYSTEMS_User_downloads_the_Payment_issues_Report_by_searching_with_Reason_Code" time="0.0">
    <skipped/>
  </testcase> <!-- TC_BHBAKERY_80_TIBERIUM_SYSTEMS_User_downloads_the_Payment_issues_Report_by_searching_with_Reason_Code -->
  <testcase classname="com.PTMWeb.testcases.TC_AsureTaxPortal" name="TC_01_User_downloads_the_Liabilities_issues_Report_by_searching_with_Payroll_ID" time="60.639">
    <failure type="org.openqa.selenium.WebDriverException" message="chrome not reachable
  (Session info: chrome=105.0.5195.127)
Build info: version: &amp;apos;4.3.0&amp;apos;, revision: &amp;apos;a4995e2c09*&amp;apos;
System info: host: &amp;apos;QT-INHD-LT0694&amp;apos;, ip: &amp;apos;192.168.1.8&amp;apos;, os.name: &amp;apos;Windows 10&amp;apos;, os.arch: &amp;apos;amd64&amp;apos;, os.version: &amp;apos;10.0&amp;apos;, java.version: &amp;apos;17.0.3&amp;apos;
Driver info: org.openqa.selenium.chrome.ChromeDriver
Command: [d468365b81b03bb0b69b770339bdfd68, findElement {using=xpath, value=//input[@class=&amp;apos;k-input-inner&amp;apos;]}]
Capabilities {acceptInsecureCerts: false, browserName: chrome, browserVersion: 105.0.5195.127, chrome: {chromedriverVersion: 105.0.5195.52 (412c95e51883..., userDataDir: C:\Users\VEERAL~1.BIK\AppDa...}, goog:chromeOptions: {debuggerAddress: localhost:65223}, networkConnectionEnabled: false, pageLoadStrategy: normal, platformName: WINDOWS, proxy: Proxy(), se:cdp: ws://localhost:65223/devtoo..., se:cdpVersion: 105.0.5195.127, setWindowRect: true, strictFileInteractability: false, timeouts: {implicit: 0, pageLoad: 300000, script: 30000}, unhandledPromptBehavior: dismiss and notify, webauthn:extension:credBlob: true, webauthn:extension:largeBlob: true, webauthn:virtualAuthenticators: true}
Session ID: d468365b81b03bb0b69b770339bdfd68">
      <![CDATA[org.openqa.selenium.WebDriverException: chrome not reachable
  (Session info: chrome=105.0.5195.127)
Build info: version: '4.3.0', revision: 'a4995e2c09*'
System info: host: 'QT-INHD-LT0694', ip: '192.168.1.8', os.name: 'Windows 10', os.arch: 'amd64', os.version: '10.0', java.version: '17.0.3'
Driver info: org.openqa.selenium.chrome.ChromeDriver
Command: [d468365b81b03bb0b69b770339bdfd68, findElement {using=xpath, value=//input[@class='k-input-inner']}]
Capabilities {acceptInsecureCerts: false, browserName: chrome, browserVersion: 105.0.5195.127, chrome: {chromedriverVersion: 105.0.5195.52 (412c95e51883..., userDataDir: C:\Users\VEERAL~1.BIK\AppDa...}, goog:chromeOptions: {debuggerAddress: localhost:65223}, networkConnectionEnabled: false, pageLoadStrategy: normal, platformName: WINDOWS, proxy: Proxy(), se:cdp: ws://localhost:65223/devtoo..., se:cdpVersion: 105.0.5195.127, setWindowRect: true, strictFileInteractability: false, timeouts: {implicit: 0, pageLoad: 300000, script: 30000}, unhandledPromptBehavior: dismiss and notify, webauthn:extension:credBlob: true, webauthn:extension:largeBlob: true, webauthn:virtualAuthenticators: true}
Session ID: d468365b81b03bb0b69b770339bdfd68
at org.openqa.selenium.remote.codec.w3c.W3CHttpResponseCodec.createException(W3CHttpResponseCodec.java:200)
at org.openqa.selenium.remote.codec.w3c.W3CHttpResponseCodec.decode(W3CHttpResponseCodec.java:133)
at org.openqa.selenium.remote.codec.w3c.W3CHttpResponseCodec.decode(W3CHttpResponseCodec.java:53)
at org.openqa.selenium.remote.HttpCommandExecutor.execute(HttpCommandExecutor.java:184)
at org.openqa.selenium.remote.service.DriverCommandExecutor.invokeExecute(DriverCommandExecutor.java:167)
at org.openqa.selenium.remote.service.DriverCommandExecutor.execute(DriverCommandExecutor.java:142)
at org.openqa.selenium.remote.RemoteWebDriver.execute(RemoteWebDriver.java:569)
at org.openqa.selenium.remote.ElementLocation$ElementFinder$2.findElement(ElementLocation.java:162)
at org.openqa.selenium.remote.ElementLocation.findElement(ElementLocation.java:60)
at org.openqa.selenium.remote.RemoteWebDriver.findElement(RemoteWebDriver.java:387)
at org.openqa.selenium.remote.RemoteWebDriver.findElement(RemoteWebDriver.java:379)
at org.openqa.selenium.support.pagefactory.DefaultElementLocator.findElement(DefaultElementLocator.java:70)
at org.openqa.selenium.support.pagefactory.internal.LocatingElementHandler.invoke(LocatingElementHandler.java:39)
at jdk.proxy2/jdk.proxy2.$Proxy20.toString(Unknown Source)
at java.base/java.lang.String.valueOf(String.java:4218)
at java.base/java.lang.StringBuilder.append(StringBuilder.java:173)
at com.PTMWeb.pages.LiabilitiesIssuesPage.searchwithPayrollID(LiabilitiesIssuesPage.java:81)
at com.PTMWeb.testcases.TC_AsureTaxPortal.TC_01_User_downloads_the_Liabilities_issues_Report_by_searching_with_Payroll_ID(TC_AsureTaxPortal.java:45)
at java.base/java.util.concurrent.ThreadPoolExecutor.runWorker(ThreadPoolExecutor.java:1136)
at java.base/java.util.concurrent.ThreadPoolExecutor$Worker.run(ThreadPoolExecutor.java:635)
at java.base/java.lang.Thread.run(Thread.java:833)
... Removed 17 stack frames]]>
    </failure>
  </testcase> <!-- TC_01_User_downloads_the_Liabilities_issues_Report_by_searching_with_Payroll_ID -->
</testsuite> <!-- Parallel Tests -->
