<?xml version="1.0" encoding="UTF-8"?>
<testng-results ignored="1" total="94" passed="88" failed="5" skipped="0">
  <reporter-output>
  </reporter-output>
  <suite started-at="2022-10-10T12:43:27 IST" name="Parallel Test Suite" finished-at="2022-10-10T15:14:34 IST" duration-ms="9067951">
    <groups>
    </groups>
    <test started-at="2022-10-10T12:43:27 IST" name="Chrome Test" finished-at="2022-10-10T15:14:34 IST" duration-ms="9067951">
      <class name="com.PTMWeb.testcases.TC_AsureTaxPortal">
        <test-method is-config="true" signature="setup(java.lang.String)[pri:0, instance:com.PTMWeb.testcases.TC_AsureTaxPortal@57db2b13]" started-at="2022-10-10T12:43:27 IST" name="setup" finished-at="2022-10-10T12:44:06 IST" duration-ms="39222" status="PASS">
          <params>
            <param index="0">
              <value>
                <![CDATA[chrome]]>
              </value>
            </param>
          </params>
          <reporter-output>
          </reporter-output>
        </test-method> <!-- setup -->
        <test-method signature="TC_01_User_downloads_the_Liabilities_issues_Report_by_searching_with_Payroll_ID()[pri:0, instance:com.PTMWeb.testcases.TC_AsureTaxPortal@57db2b13]" started-at="2022-10-10T12:44:06 IST" name="TC_01_User_downloads_the_Liabilities_issues_Report_by_searching_with_Payroll_ID" description="User downloads the Liabilities Issues Excel Report by searching with Payroll ID" finished-at="2022-10-10T12:44:42 IST" duration-ms="36293" status="PASS">
          <reporter-output>
          </reporter-output>
        </test-method> <!-- TC_01_User_downloads_the_Liabilities_issues_Report_by_searching_with_Payroll_ID -->
        <test-method is-config="true" signature="quitbrowser()[pri:0, instance:com.PTMWeb.testcases.TC_AsureTaxPortal@57db2b13]" started-at="2022-10-10T12:44:42 IST" name="quitbrowser" finished-at="2022-10-10T12:44:45 IST" duration-ms="2334" status="PASS">
          <reporter-output>
          </reporter-output>
        </test-method> <!-- quitbrowser -->
        <test-method is-config="true" signature="setup(java.lang.String)[pri:0, instance:com.PTMWeb.testcases.TC_AsureTaxPortal@57db2b13]" started-at="2022-10-10T12:44:45 IST" name="setup" finished-at="2022-10-10T12:45:22 IST" duration-ms="37659" status="PASS">
          <params>
            <param index="0">
              <value>
                <![CDATA[chrome]]>
              </value>
            </param>
          </params>
          <reporter-output>
          </reporter-output>
        </test-method> <!-- setup -->
        <test-method signature="TC_02_User_downloads_the_Liabilities_issues_Report_by_searching_with_Check_Date()[pri:0, instance:com.PTMWeb.testcases.TC_AsureTaxPortal@57db2b13]" started-at="2022-10-10T12:45:22 IST" name="TC_02_User_downloads_the_Liabilities_issues_Report_by_searching_with_Check_Date" description="User downloads the Liabilities Issues Excel Report by searching with Check Date" finished-at="2022-10-10T12:46:02 IST" duration-ms="39879" status="PASS">
          <reporter-output>
          </reporter-output>
        </test-method> <!-- TC_02_User_downloads_the_Liabilities_issues_Report_by_searching_with_Check_Date -->
        <test-method is-config="true" signature="quitbrowser()[pri:0, instance:com.PTMWeb.testcases.TC_AsureTaxPortal@57db2b13]" started-at="2022-10-10T12:46:02 IST" name="quitbrowser" finished-at="2022-10-10T12:46:05 IST" duration-ms="2327" status="PASS">
          <reporter-output>
          </reporter-output>
        </test-method> <!-- quitbrowser -->
        <test-method is-config="true" signature="setup(java.lang.String)[pri:0, instance:com.PTMWeb.testcases.TC_AsureTaxPortal@57db2b13]" started-at="2022-10-10T12:46:05 IST" name="setup" finished-at="2022-10-10T12:46:42 IST" duration-ms="37444" status="PASS">
          <params>
            <param index="0">
              <value>
                <![CDATA[chrome]]>
              </value>
            </param>
          </params>
          <reporter-output>
          </reporter-output>
        </test-method> <!-- setup -->
        <test-method signature="TC_03_User_downloads_the_Liabilities_issues_Report_by_searching_with_Reason()[pri:0, instance:com.PTMWeb.testcases.TC_AsureTaxPortal@57db2b13]" started-at="2022-10-10T12:46:42 IST" name="TC_03_User_downloads_the_Liabilities_issues_Report_by_searching_with_Reason" description="User downloads the Liabilities Issues Excel Report by searching with Reason" finished-at="2022-10-10T12:47:22 IST" duration-ms="39973" status="PASS">
          <reporter-output>
          </reporter-output>
        </test-method> <!-- TC_03_User_downloads_the_Liabilities_issues_Report_by_searching_with_Reason -->
        <test-method is-config="true" signature="quitbrowser()[pri:0, instance:com.PTMWeb.testcases.TC_AsureTaxPortal@57db2b13]" started-at="2022-10-10T12:47:22 IST" name="quitbrowser" finished-at="2022-10-10T12:47:24 IST" duration-ms="2340" status="PASS">
          <reporter-output>
          </reporter-output>
        </test-method> <!-- quitbrowser -->
        <test-method is-config="true" signature="setup(java.lang.String)[pri:0, instance:com.PTMWeb.testcases.TC_AsureTaxPortal@57db2b13]" started-at="2022-10-10T12:47:24 IST" name="setup" finished-at="2022-10-10T12:48:04 IST" duration-ms="39994" status="PASS">
          <params>
            <param index="0">
              <value>
                <![CDATA[chrome]]>
              </value>
            </param>
          </params>
          <reporter-output>
          </reporter-output>
        </test-method> <!-- setup -->
        <test-method signature="TC_04_User_downloads_the_Payment_issues_Report_by_searching_with_Payroll_ID()[pri:0, instance:com.PTMWeb.testcases.TC_AsureTaxPortal@57db2b13]" started-at="2022-10-10T12:48:04 IST" name="TC_04_User_downloads_the_Payment_issues_Report_by_searching_with_Payroll_ID" description="User downloads the Payment Issues Excel Report by searching with PayrollID" finished-at="2022-10-10T12:48:40 IST" duration-ms="35890" status="PASS">
          <reporter-output>
          </reporter-output>
        </test-method> <!-- TC_04_User_downloads_the_Payment_issues_Report_by_searching_with_Payroll_ID -->
        <test-method is-config="true" signature="quitbrowser()[pri:0, instance:com.PTMWeb.testcases.TC_AsureTaxPortal@57db2b13]" started-at="2022-10-10T12:48:40 IST" name="quitbrowser" finished-at="2022-10-10T12:48:43 IST" duration-ms="2332" status="PASS">
          <reporter-output>
          </reporter-output>
        </test-method> <!-- quitbrowser -->
        <test-method is-config="true" signature="setup(java.lang.String)[pri:0, instance:com.PTMWeb.testcases.TC_AsureTaxPortal@57db2b13]" started-at="2022-10-10T12:48:43 IST" name="setup" finished-at="2022-10-10T12:49:20 IST" duration-ms="37442" status="PASS">
          <params>
            <param index="0">
              <value>
                <![CDATA[chrome]]>
              </value>
            </param>
          </params>
          <reporter-output>
          </reporter-output>
        </test-method> <!-- setup -->
        <test-method signature="TC_05_User_downloads_the_Payment_issues_Report_by_searching_with_Agency_ID()[pri:0, instance:com.PTMWeb.testcases.TC_AsureTaxPortal@57db2b13]" started-at="2022-10-10T12:49:20 IST" name="TC_05_User_downloads_the_Payment_issues_Report_by_searching_with_Agency_ID" description="User downloads the Payment Issues Excel Report by searching with Agency ID" finished-at="2022-10-10T12:50:01 IST" duration-ms="40804" status="PASS">
          <reporter-output>
          </reporter-output>
        </test-method> <!-- TC_05_User_downloads_the_Payment_issues_Report_by_searching_with_Agency_ID -->
        <test-method is-config="true" signature="quitbrowser()[pri:0, instance:com.PTMWeb.testcases.TC_AsureTaxPortal@57db2b13]" started-at="2022-10-10T12:50:01 IST" name="quitbrowser" finished-at="2022-10-10T12:50:03 IST" duration-ms="2333" status="PASS">
          <reporter-output>
          </reporter-output>
        </test-method> <!-- quitbrowser -->
        <test-method is-config="true" signature="setup(java.lang.String)[pri:0, instance:com.PTMWeb.testcases.TC_AsureTaxPortal@57db2b13]" started-at="2022-10-10T12:50:03 IST" name="setup" finished-at="2022-10-10T12:50:40 IST" duration-ms="36982" status="PASS">
          <params>
            <param index="0">
              <value>
                <![CDATA[chrome]]>
              </value>
            </param>
          </params>
          <reporter-output>
          </reporter-output>
        </test-method> <!-- setup -->
        <test-method signature="TC_06_User_downloads_the_Payment_issues_Report_by_searching_with_Description()[pri:0, instance:com.PTMWeb.testcases.TC_AsureTaxPortal@57db2b13]" started-at="2022-10-10T12:50:40 IST" name="TC_06_User_downloads_the_Payment_issues_Report_by_searching_with_Description" description="User downloads the Payment Issues Excel Report by searching with Description" finished-at="2022-10-10T12:51:21 IST" duration-ms="40970" status="PASS">
          <reporter-output>
          </reporter-output>
        </test-method> <!-- TC_06_User_downloads_the_Payment_issues_Report_by_searching_with_Description -->
        <test-method is-config="true" signature="quitbrowser()[pri:0, instance:com.PTMWeb.testcases.TC_AsureTaxPortal@57db2b13]" started-at="2022-10-10T12:51:21 IST" name="quitbrowser" finished-at="2022-10-10T12:51:24 IST" duration-ms="2328" status="PASS">
          <reporter-output>
          </reporter-output>
        </test-method> <!-- quitbrowser -->
        <test-method is-config="true" signature="setup(java.lang.String)[pri:0, instance:com.PTMWeb.testcases.TC_AsureTaxPortal@57db2b13]" started-at="2022-10-10T12:51:24 IST" name="setup" finished-at="2022-10-10T12:52:00 IST" duration-ms="36505" status="PASS">
          <params>
            <param index="0">
              <value>
                <![CDATA[chrome]]>
              </value>
            </param>
          </params>
          <reporter-output>
          </reporter-output>
        </test-method> <!-- setup -->
        <test-method signature="TC_07_User_downloads_the_Payment_issues_Report_by_searching_with_Due_Date()[pri:0, instance:com.PTMWeb.testcases.TC_AsureTaxPortal@57db2b13]" started-at="2022-10-10T12:52:00 IST" name="TC_07_User_downloads_the_Payment_issues_Report_by_searching_with_Due_Date" description="User downloads the Payment Issues Excel Report by searching with Due date" finished-at="2022-10-10T12:52:41 IST" duration-ms="40863" status="PASS">
          <reporter-output>
          </reporter-output>
        </test-method> <!-- TC_07_User_downloads_the_Payment_issues_Report_by_searching_with_Due_Date -->
        <test-method is-config="true" signature="quitbrowser()[pri:0, instance:com.PTMWeb.testcases.TC_AsureTaxPortal@57db2b13]" started-at="2022-10-10T12:52:41 IST" name="quitbrowser" finished-at="2022-10-10T12:52:44 IST" duration-ms="2321" status="PASS">
          <reporter-output>
          </reporter-output>
        </test-method> <!-- quitbrowser -->
        <test-method is-config="true" signature="setup(java.lang.String)[pri:0, instance:com.PTMWeb.testcases.TC_AsureTaxPortal@57db2b13]" started-at="2022-10-10T12:52:44 IST" name="setup" finished-at="2022-10-10T12:53:21 IST" duration-ms="37152" status="PASS">
          <params>
            <param index="0">
              <value>
                <![CDATA[chrome]]>
              </value>
            </param>
          </params>
          <reporter-output>
          </reporter-output>
        </test-method> <!-- setup -->
        <test-method signature="TC_08_User_downloads_the_Payment_issues_Report_by_searching_with_Amount()[pri:0, instance:com.PTMWeb.testcases.TC_AsureTaxPortal@57db2b13]" started-at="2022-10-10T12:53:21 IST" name="TC_08_User_downloads_the_Payment_issues_Report_by_searching_with_Amount" description="User downloads the Payment Issues Excel Report by searching with Amount" finished-at="2022-10-10T12:54:02 IST" duration-ms="40880" status="PASS">
          <reporter-output>
          </reporter-output>
        </test-method> <!-- TC_08_User_downloads_the_Payment_issues_Report_by_searching_with_Amount -->
        <test-method is-config="true" signature="quitbrowser()[pri:0, instance:com.PTMWeb.testcases.TC_AsureTaxPortal@57db2b13]" started-at="2022-10-10T12:54:02 IST" name="quitbrowser" finished-at="2022-10-10T12:54:04 IST" duration-ms="2361" status="PASS">
          <reporter-output>
          </reporter-output>
        </test-method> <!-- quitbrowser -->
        <test-method is-config="true" signature="setup(java.lang.String)[pri:0, instance:com.PTMWeb.testcases.TC_AsureTaxPortal@57db2b13]" started-at="2022-10-10T12:54:04 IST" name="setup" finished-at="2022-10-10T12:54:40 IST" duration-ms="36009" status="PASS">
          <params>
            <param index="0">
              <value>
                <![CDATA[chrome]]>
              </value>
            </param>
          </params>
          <reporter-output>
          </reporter-output>
        </test-method> <!-- setup -->
        <test-method signature="TC_09_User_downloads_the_Payment_issues_Report_by_searching_with_Reason_Code()[pri:0, instance:com.PTMWeb.testcases.TC_AsureTaxPortal@57db2b13]" started-at="2022-10-10T12:54:40 IST" name="TC_09_User_downloads_the_Payment_issues_Report_by_searching_with_Reason_Code" description="User downloads the Payment Issues Excel Report by searching with Reason code" finished-at="2022-10-10T12:55:21 IST" duration-ms="40903" status="PASS">
          <reporter-output>
          </reporter-output>
        </test-method> <!-- TC_09_User_downloads_the_Payment_issues_Report_by_searching_with_Reason_Code -->
        <test-method is-config="true" signature="quitbrowser()[pri:0, instance:com.PTMWeb.testcases.TC_AsureTaxPortal@57db2b13]" started-at="2022-10-10T12:55:21 IST" name="quitbrowser" finished-at="2022-10-10T12:55:23 IST" duration-ms="2309" status="PASS">
          <reporter-output>
          </reporter-output>
        </test-method> <!-- quitbrowser -->
        <test-method is-config="true" signature="setup(java.lang.String)[pri:0, instance:com.PTMWeb.testcases.TC_AsureTaxPortal@57db2b13]" started-at="2022-10-10T12:55:23 IST" name="setup" finished-at="2022-10-10T12:56:01 IST" duration-ms="37665" status="PASS">
          <params>
            <param index="0">
              <value>
                <![CDATA[chrome]]>
              </value>
            </param>
          </params>
          <reporter-output>
          </reporter-output>
        </test-method> <!-- setup -->
        <test-method signature="TC_10_User_downloads_the_NSF_Hold_Report_by_searching_with_Payroll_ID()[pri:0, instance:com.PTMWeb.testcases.TC_AsureTaxPortal@57db2b13]" started-at="2022-10-10T12:56:01 IST" name="TC_10_User_downloads_the_NSF_Hold_Report_by_searching_with_Payroll_ID" description="User downloads the NSF Hold Excel Report by searching with PayrollID" finished-at="2022-10-10T12:56:37 IST" duration-ms="35746" status="PASS">
          <reporter-output>
          </reporter-output>
        </test-method> <!-- TC_10_User_downloads_the_NSF_Hold_Report_by_searching_with_Payroll_ID -->
        <test-method is-config="true" signature="quitbrowser()[pri:0, instance:com.PTMWeb.testcases.TC_AsureTaxPortal@57db2b13]" started-at="2022-10-10T12:56:37 IST" name="quitbrowser" finished-at="2022-10-10T12:56:39 IST" duration-ms="2295" status="PASS">
          <reporter-output>
          </reporter-output>
        </test-method> <!-- quitbrowser -->
        <test-method is-config="true" signature="setup(java.lang.String)[pri:0, instance:com.PTMWeb.testcases.TC_AsureTaxPortal@57db2b13]" started-at="2022-10-10T12:56:39 IST" name="setup" finished-at="2022-10-10T12:57:16 IST" duration-ms="36666" status="PASS">
          <params>
            <param index="0">
              <value>
                <![CDATA[chrome]]>
              </value>
            </param>
          </params>
          <reporter-output>
          </reporter-output>
        </test-method> <!-- setup -->
        <test-method signature="TC_11_User_downloads_the_NSF_Hold_Report_by_searching_with_Agency_ID()[pri:0, instance:com.PTMWeb.testcases.TC_AsureTaxPortal@57db2b13]" started-at="2022-10-10T12:57:16 IST" name="TC_11_User_downloads_the_NSF_Hold_Report_by_searching_with_Agency_ID" description="User downloads the NSF Hold Excel Report by searching with AgencyID" finished-at="2022-10-10T12:57:57 IST" duration-ms="40813" status="PASS">
          <reporter-output>
          </reporter-output>
        </test-method> <!-- TC_11_User_downloads_the_NSF_Hold_Report_by_searching_with_Agency_ID -->
        <test-method is-config="true" signature="quitbrowser()[pri:0, instance:com.PTMWeb.testcases.TC_AsureTaxPortal@57db2b13]" started-at="2022-10-10T12:57:57 IST" name="quitbrowser" finished-at="2022-10-10T12:57:59 IST" duration-ms="2351" status="PASS">
          <reporter-output>
          </reporter-output>
        </test-method> <!-- quitbrowser -->
        <test-method is-config="true" signature="setup(java.lang.String)[pri:0, instance:com.PTMWeb.testcases.TC_AsureTaxPortal@57db2b13]" started-at="2022-10-10T12:57:59 IST" name="setup" finished-at="2022-10-10T12:58:36 IST" duration-ms="37064" status="PASS">
          <params>
            <param index="0">
              <value>
                <![CDATA[chrome]]>
              </value>
            </param>
          </params>
          <reporter-output>
          </reporter-output>
        </test-method> <!-- setup -->
        <test-method signature="TC_12_User_downloads_the_NSF_Hold_Report_by_searching_with_Description()[pri:0, instance:com.PTMWeb.testcases.TC_AsureTaxPortal@57db2b13]" started-at="2022-10-10T12:58:36 IST" name="TC_12_User_downloads_the_NSF_Hold_Report_by_searching_with_Description" description="User downloads the NSF Hold Excel Report by searching with Description" finished-at="2022-10-10T12:59:17 IST" duration-ms="40887" status="PASS">
          <reporter-output>
          </reporter-output>
        </test-method> <!-- TC_12_User_downloads_the_NSF_Hold_Report_by_searching_with_Description -->
        <test-method is-config="true" signature="quitbrowser()[pri:0, instance:com.PTMWeb.testcases.TC_AsureTaxPortal@57db2b13]" started-at="2022-10-10T12:59:17 IST" name="quitbrowser" finished-at="2022-10-10T12:59:19 IST" duration-ms="2323" status="PASS">
          <reporter-output>
          </reporter-output>
        </test-method> <!-- quitbrowser -->
        <test-method is-config="true" signature="setup(java.lang.String)[pri:0, instance:com.PTMWeb.testcases.TC_AsureTaxPortal@57db2b13]" started-at="2022-10-10T12:59:19 IST" name="setup" finished-at="2022-10-10T12:59:56 IST" duration-ms="36916" status="PASS">
          <params>
            <param index="0">
              <value>
                <![CDATA[chrome]]>
              </value>
            </param>
          </params>
          <reporter-output>
          </reporter-output>
        </test-method> <!-- setup -->
        <test-method signature="TC_13_User_downloads_the_NSF_Hold_Report_by_searching_with_Amount()[pri:0, instance:com.PTMWeb.testcases.TC_AsureTaxPortal@57db2b13]" started-at="2022-10-10T12:59:56 IST" name="TC_13_User_downloads_the_NSF_Hold_Report_by_searching_with_Amount" description="User downloads the NSF Hold Excel Report by searching with Amount" finished-at="2022-10-10T13:00:40 IST" duration-ms="43890" status="PASS">
          <reporter-output>
          </reporter-output>
        </test-method> <!-- TC_13_User_downloads_the_NSF_Hold_Report_by_searching_with_Amount -->
        <test-method is-config="true" signature="quitbrowser()[pri:0, instance:com.PTMWeb.testcases.TC_AsureTaxPortal@57db2b13]" started-at="2022-10-10T13:00:40 IST" name="quitbrowser" finished-at="2022-10-10T13:00:43 IST" duration-ms="2368" status="PASS">
          <reporter-output>
          </reporter-output>
        </test-method> <!-- quitbrowser -->
        <test-method is-config="true" signature="setup(java.lang.String)[pri:0, instance:com.PTMWeb.testcases.TC_AsureTaxPortal@57db2b13]" started-at="2022-10-10T13:00:43 IST" name="setup" finished-at="2022-10-10T13:01:20 IST" duration-ms="37375" status="PASS">
          <params>
            <param index="0">
              <value>
                <![CDATA[chrome]]>
              </value>
            </param>
          </params>
          <reporter-output>
          </reporter-output>
        </test-method> <!-- setup -->
        <test-method signature="TC_14_User_downloads_the_Applied_For_Report_by_searching_with_PayrollID()[pri:0, instance:com.PTMWeb.testcases.TC_AsureTaxPortal@57db2b13]" started-at="2022-10-10T13:01:20 IST" name="TC_14_User_downloads_the_Applied_For_Report_by_searching_with_PayrollID" description="User downloads the Applied For Excel Report by searching with Payroll ID" finished-at="2022-10-10T13:01:56 IST" duration-ms="35891" status="PASS">
          <reporter-output>
          </reporter-output>
        </test-method> <!-- TC_14_User_downloads_the_Applied_For_Report_by_searching_with_PayrollID -->
        <test-method is-config="true" signature="quitbrowser()[pri:0, instance:com.PTMWeb.testcases.TC_AsureTaxPortal@57db2b13]" started-at="2022-10-10T13:01:56 IST" name="quitbrowser" finished-at="2022-10-10T13:01:59 IST" duration-ms="2441" status="PASS">
          <reporter-output>
          </reporter-output>
        </test-method> <!-- quitbrowser -->
        <test-method is-config="true" signature="setup(java.lang.String)[pri:0, instance:com.PTMWeb.testcases.TC_AsureTaxPortal@57db2b13]" started-at="2022-10-10T13:01:59 IST" name="setup" finished-at="2022-10-10T13:02:35 IST" duration-ms="36802" status="PASS">
          <params>
            <param index="0">
              <value>
                <![CDATA[chrome]]>
              </value>
            </param>
          </params>
          <reporter-output>
          </reporter-output>
        </test-method> <!-- setup -->
        <test-method signature="TC_15_User_downloads_the_Applied_For_Report_by_searching_with_AgencyID()[pri:0, instance:com.PTMWeb.testcases.TC_AsureTaxPortal@57db2b13]" started-at="2022-10-10T13:02:35 IST" name="TC_15_User_downloads_the_Applied_For_Report_by_searching_with_AgencyID" description="User downloads the Applied For Excel Report by searching with Agency ID" finished-at="2022-10-10T13:03:16 IST" duration-ms="40849" status="PASS">
          <reporter-output>
          </reporter-output>
        </test-method> <!-- TC_15_User_downloads_the_Applied_For_Report_by_searching_with_AgencyID -->
        <test-method is-config="true" signature="quitbrowser()[pri:0, instance:com.PTMWeb.testcases.TC_AsureTaxPortal@57db2b13]" started-at="2022-10-10T13:03:16 IST" name="quitbrowser" finished-at="2022-10-10T13:03:19 IST" duration-ms="2339" status="PASS">
          <reporter-output>
          </reporter-output>
        </test-method> <!-- quitbrowser -->
        <test-method is-config="true" signature="setup(java.lang.String)[pri:0, instance:com.PTMWeb.testcases.TC_AsureTaxPortal@57db2b13]" started-at="2022-10-10T13:03:19 IST" name="setup" finished-at="2022-10-10T13:03:56 IST" duration-ms="37594" status="PASS">
          <params>
            <param index="0">
              <value>
                <![CDATA[chrome]]>
              </value>
            </param>
          </params>
          <reporter-output>
          </reporter-output>
        </test-method> <!-- setup -->
        <test-method signature="TC_16_User_downloads_the_Applied_For_Report_by_searching_with_Description()[pri:0, instance:com.PTMWeb.testcases.TC_AsureTaxPortal@57db2b13]" started-at="2022-10-10T13:03:56 IST" name="TC_16_User_downloads_the_Applied_For_Report_by_searching_with_Description" description="User downloads the Applied For Excel Report by searching with Description" finished-at="2022-10-10T13:04:37 IST" duration-ms="40848" status="PASS">
          <reporter-output>
          </reporter-output>
        </test-method> <!-- TC_16_User_downloads_the_Applied_For_Report_by_searching_with_Description -->
        <test-method is-config="true" signature="quitbrowser()[pri:0, instance:com.PTMWeb.testcases.TC_AsureTaxPortal@57db2b13]" started-at="2022-10-10T13:04:37 IST" name="quitbrowser" finished-at="2022-10-10T13:04:39 IST" duration-ms="2320" status="PASS">
          <reporter-output>
          </reporter-output>
        </test-method> <!-- quitbrowser -->
        <test-method is-config="true" signature="setup(java.lang.String)[pri:0, instance:com.PTMWeb.testcases.TC_AsureTaxPortal@57db2b13]" started-at="2022-10-10T13:04:39 IST" name="setup" finished-at="2022-10-10T13:05:17 IST" duration-ms="37485" status="PASS">
          <params>
            <param index="0">
              <value>
                <![CDATA[chrome]]>
              </value>
            </param>
          </params>
          <reporter-output>
          </reporter-output>
        </test-method> <!-- setup -->
        <test-method signature="TC_17_User_downloads_the_Applied_For_Report_by_searching_with_Check_Date()[pri:0, instance:com.PTMWeb.testcases.TC_AsureTaxPortal@57db2b13]" started-at="2022-10-10T13:05:17 IST" name="TC_17_User_downloads_the_Applied_For_Report_by_searching_with_Check_Date" description="User downloads the Applied For Excel Report by searching with CheckDate" finished-at="2022-10-10T13:05:58 IST" duration-ms="40877" status="PASS">
          <reporter-output>
          </reporter-output>
        </test-method> <!-- TC_17_User_downloads_the_Applied_For_Report_by_searching_with_Check_Date -->
        <test-method is-config="true" signature="quitbrowser()[pri:0, instance:com.PTMWeb.testcases.TC_AsureTaxPortal@57db2b13]" started-at="2022-10-10T13:05:58 IST" name="quitbrowser" finished-at="2022-10-10T13:06:00 IST" duration-ms="2346" status="PASS">
          <reporter-output>
          </reporter-output>
        </test-method> <!-- quitbrowser -->
        <test-method is-config="true" signature="setup(java.lang.String)[pri:0, instance:com.PTMWeb.testcases.TC_AsureTaxPortal@57db2b13]" started-at="2022-10-10T13:06:00 IST" name="setup" finished-at="2022-10-10T13:06:38 IST" duration-ms="37737" status="PASS">
          <params>
            <param index="0">
              <value>
                <![CDATA[chrome]]>
              </value>
            </param>
          </params>
          <reporter-output>
          </reporter-output>
        </test-method> <!-- setup -->
        <test-method signature="TC_18_User_downloads_the_Applied_For_Report_by_searching_with_Amount()[pri:0, instance:com.PTMWeb.testcases.TC_AsureTaxPortal@57db2b13]" started-at="2022-10-10T13:06:38 IST" name="TC_18_User_downloads_the_Applied_For_Report_by_searching_with_Amount" description="User downloads the Applied For Excel Report by searching with Amount" finished-at="2022-10-10T13:07:07 IST" duration-ms="28696" status="FAIL">
          <exception class="java.lang.AssertionError">
            <message>
              <![CDATA[expected [null] but found [$100.00]]]>
            </message>
            <full-stacktrace>
              <![CDATA[java.lang.AssertionError: expected [null] but found [$100.00]
at org.testng.Assert.fail(Assert.java:110)
at org.testng.Assert.failNotEquals(Assert.java:1413)
at org.testng.Assert.assertEqualsImpl(Assert.java:149)
at org.testng.Assert.assertEquals(Assert.java:131)
at org.testng.Assert.assertEquals(Assert.java:655)
at org.testng.Assert.assertEquals(Assert.java:665)
at com.PTMWeb.pages.AppliedForPage.verifyAmount(AppliedForPage.java:304)
at com.PTMWeb.testcases.TC_AsureTaxPortal.TC_18_User_downloads_the_Applied_For_Report_by_searching_with_Amount(TC_AsureTaxPortal.java:303)
at java.base/jdk.internal.reflect.NativeMethodAccessorImpl.invoke0(Native Method)
at java.base/jdk.internal.reflect.NativeMethodAccessorImpl.invoke(NativeMethodAccessorImpl.java:77)
at java.base/jdk.internal.reflect.DelegatingMethodAccessorImpl.invoke(DelegatingMethodAccessorImpl.java:43)
at java.base/java.lang.reflect.Method.invoke(Method.java:568)
at org.testng.internal.invokers.MethodInvocationHelper.invokeMethod(MethodInvocationHelper.java:139)
at org.testng.internal.invokers.TestInvoker.invokeMethod(TestInvoker.java:677)
at org.testng.internal.invokers.TestInvoker.invokeTestMethod(TestInvoker.java:221)
at org.testng.internal.invokers.MethodRunner.runInSequence(MethodRunner.java:50)
at org.testng.internal.invokers.TestInvoker$MethodInvocationAgent.invoke(TestInvoker.java:962)
at org.testng.internal.invokers.TestInvoker.invokeTestMethods(TestInvoker.java:194)
at org.testng.internal.invokers.TestMethodWorker.invokeTestMethods(TestMethodWorker.java:148)
at org.testng.internal.invokers.TestMethodWorker.run(TestMethodWorker.java:128)
at java.base/java.util.ArrayList.forEach(ArrayList.java:1511)
at org.testng.TestRunner.privateRun(TestRunner.java:806)
at org.testng.TestRunner.run(TestRunner.java:601)
at org.testng.SuiteRunner.runTest(SuiteRunner.java:433)
at org.testng.SuiteRunner$SuiteWorker.run(SuiteRunner.java:471)
at org.testng.internal.thread.ThreadUtil.lambda$execute$0(ThreadUtil.java:58)
at java.base/java.util.concurrent.FutureTask.run(FutureTask.java:264)
at java.base/java.util.concurrent.ThreadPoolExecutor.runWorker(ThreadPoolExecutor.java:1136)
at java.base/java.util.concurrent.ThreadPoolExecutor$Worker.run(ThreadPoolExecutor.java:635)
at java.base/java.lang.Thread.run(Thread.java:833)
]]>
            </full-stacktrace>
          </exception> <!-- java.lang.AssertionError -->
          <reporter-output>
          </reporter-output>
        </test-method> <!-- TC_18_User_downloads_the_Applied_For_Report_by_searching_with_Amount -->
        <test-method is-config="true" signature="quitbrowser()[pri:0, instance:com.PTMWeb.testcases.TC_AsureTaxPortal@57db2b13]" started-at="2022-10-10T13:07:07 IST" name="quitbrowser" finished-at="2022-10-10T13:07:09 IST" duration-ms="2294" status="PASS">
          <reporter-output>
          </reporter-output>
        </test-method> <!-- quitbrowser -->
        <test-method is-config="true" signature="setup(java.lang.String)[pri:0, instance:com.PTMWeb.testcases.TC_AsureTaxPortal@57db2b13]" started-at="2022-10-10T13:07:09 IST" name="setup" finished-at="2022-10-10T13:07:47 IST" duration-ms="37978" status="PASS">
          <params>
            <param index="0">
              <value>
                <![CDATA[chrome]]>
              </value>
            </param>
          </params>
          <reporter-output>
          </reporter-output>
        </test-method> <!-- setup -->
        <test-method signature="TC_19_User_downloads_the_Applied_For_Report_by_searching_with_Due_date()[pri:0, instance:com.PTMWeb.testcases.TC_AsureTaxPortal@57db2b13]" started-at="2022-10-10T13:07:47 IST" name="TC_19_User_downloads_the_Applied_For_Report_by_searching_with_Due_date" description="User downloads the Applied For Excel Report by searching with Duedate" finished-at="2022-10-10T13:08:28 IST" duration-ms="40850" status="PASS">
          <reporter-output>
          </reporter-output>
        </test-method> <!-- TC_19_User_downloads_the_Applied_For_Report_by_searching_with_Due_date -->
        <test-method is-config="true" signature="quitbrowser()[pri:0, instance:com.PTMWeb.testcases.TC_AsureTaxPortal@57db2b13]" started-at="2022-10-10T13:08:28 IST" name="quitbrowser" finished-at="2022-10-10T13:08:30 IST" duration-ms="2340" status="PASS">
          <reporter-output>
          </reporter-output>
        </test-method> <!-- quitbrowser -->
        <test-method is-config="true" signature="setup(java.lang.String)[pri:0, instance:com.PTMWeb.testcases.TC_AsureTaxPortal@57db2b13]" started-at="2022-10-10T13:08:30 IST" name="setup" finished-at="2022-10-10T13:09:07 IST" duration-ms="36859" status="PASS">
          <params>
            <param index="0">
              <value>
                <![CDATA[chrome]]>
              </value>
            </param>
          </params>
          <reporter-output>
          </reporter-output>
        </test-method> <!-- setup -->
        <test-method signature="TC_20_User_downloads_the_Alerts_Report_by_searching_with_Active_From_Date()[pri:0, instance:com.PTMWeb.testcases.TC_AsureTaxPortal@57db2b13]" started-at="2022-10-10T13:09:07 IST" name="TC_20_User_downloads_the_Alerts_Report_by_searching_with_Active_From_Date" description="User downloads the Alerts Excel Report by searching with Active From Date" finished-at="2022-10-10T13:09:48 IST" duration-ms="40895" status="PASS">
          <reporter-output>
          </reporter-output>
        </test-method> <!-- TC_20_User_downloads_the_Alerts_Report_by_searching_with_Active_From_Date -->
        <test-method is-config="true" signature="quitbrowser()[pri:0, instance:com.PTMWeb.testcases.TC_AsureTaxPortal@57db2b13]" started-at="2022-10-10T13:09:48 IST" name="quitbrowser" finished-at="2022-10-10T13:09:51 IST" duration-ms="2337" status="PASS">
          <reporter-output>
          </reporter-output>
        </test-method> <!-- quitbrowser -->
        <test-method is-config="true" signature="setup(java.lang.String)[pri:0, instance:com.PTMWeb.testcases.TC_AsureTaxPortal@57db2b13]" started-at="2022-10-10T13:09:51 IST" name="setup" finished-at="2022-10-10T13:10:29 IST" duration-ms="38788" status="PASS">
          <params>
            <param index="0">
              <value>
                <![CDATA[chrome]]>
              </value>
            </param>
          </params>
          <reporter-output>
          </reporter-output>
        </test-method> <!-- setup -->
        <test-method signature="TC_21_User_downloads_the_Alerts_Report_by_searching_with_Alert_Name()[pri:0, instance:com.PTMWeb.testcases.TC_AsureTaxPortal@57db2b13]" started-at="2022-10-10T13:10:29 IST" name="TC_21_User_downloads_the_Alerts_Report_by_searching_with_Alert_Name" description="User downloads the Alerts Excel Report by searching with Alert Name" finished-at="2022-10-10T13:11:10 IST" duration-ms="40869" status="PASS">
          <reporter-output>
          </reporter-output>
        </test-method> <!-- TC_21_User_downloads_the_Alerts_Report_by_searching_with_Alert_Name -->
        <test-method is-config="true" signature="quitbrowser()[pri:0, instance:com.PTMWeb.testcases.TC_AsureTaxPortal@57db2b13]" started-at="2022-10-10T13:11:10 IST" name="quitbrowser" finished-at="2022-10-10T13:11:13 IST" duration-ms="2437" status="PASS">
          <reporter-output>
          </reporter-output>
        </test-method> <!-- quitbrowser -->
        <test-method is-config="true" signature="setup(java.lang.String)[pri:0, instance:com.PTMWeb.testcases.TC_AsureTaxPortal@57db2b13]" started-at="2022-10-10T13:11:13 IST" name="setup" finished-at="2022-10-10T13:11:51 IST" duration-ms="38501" status="PASS">
          <params>
            <param index="0">
              <value>
                <![CDATA[chrome]]>
              </value>
            </param>
          </params>
          <reporter-output>
          </reporter-output>
        </test-method> <!-- setup -->
        <test-method signature="TC_22_User_downloads_the_Alerts_Report_by_searching_with_Alert_Text()[pri:0, instance:com.PTMWeb.testcases.TC_AsureTaxPortal@57db2b13]" started-at="2022-10-10T13:11:51 IST" name="TC_22_User_downloads_the_Alerts_Report_by_searching_with_Alert_Text" description="User downloads the Alerts Excel Report by searching with Alert Text" finished-at="2022-10-10T13:12:32 IST" duration-ms="40970" status="PASS">
          <reporter-output>
          </reporter-output>
        </test-method> <!-- TC_22_User_downloads_the_Alerts_Report_by_searching_with_Alert_Text -->
        <test-method is-config="true" signature="quitbrowser()[pri:0, instance:com.PTMWeb.testcases.TC_AsureTaxPortal@57db2b13]" started-at="2022-10-10T13:12:32 IST" name="quitbrowser" finished-at="2022-10-10T13:12:35 IST" duration-ms="2448" status="PASS">
          <reporter-output>
          </reporter-output>
        </test-method> <!-- quitbrowser -->
        <test-method is-config="true" signature="setup(java.lang.String)[pri:0, instance:com.PTMWeb.testcases.TC_AsureTaxPortal@57db2b13]" started-at="2022-10-10T13:12:35 IST" name="setup" finished-at="2022-10-10T13:13:13 IST" duration-ms="38064" status="PASS">
          <params>
            <param index="0">
              <value>
                <![CDATA[chrome]]>
              </value>
            </param>
          </params>
          <reporter-output>
          </reporter-output>
        </test-method> <!-- setup -->
        <test-method signature="TC_23_User_downloads_the_Recent_Liabilities_by_searching_with_Payroll_ID()[pri:0, instance:com.PTMWeb.testcases.TC_AsureTaxPortal@57db2b13]" started-at="2022-10-10T13:13:13 IST" name="TC_23_User_downloads_the_Recent_Liabilities_by_searching_with_Payroll_ID" description="User downloads the Recent Liabilitis Excel Report by searching with Payroll ID" finished-at="2022-10-10T13:13:42 IST" duration-ms="29693" status="PASS">
          <reporter-output>
          </reporter-output>
        </test-method> <!-- TC_23_User_downloads_the_Recent_Liabilities_by_searching_with_Payroll_ID -->
        <test-method is-config="true" signature="quitbrowser()[pri:0, instance:com.PTMWeb.testcases.TC_AsureTaxPortal@57db2b13]" started-at="2022-10-10T13:13:43 IST" name="quitbrowser" finished-at="2022-10-10T13:13:45 IST" duration-ms="2435" status="PASS">
          <reporter-output>
          </reporter-output>
        </test-method> <!-- quitbrowser -->
        <test-method is-config="true" signature="setup(java.lang.String)[pri:0, instance:com.PTMWeb.testcases.TC_AsureTaxPortal@57db2b13]" started-at="2022-10-10T13:13:45 IST" name="setup" finished-at="2022-10-10T13:14:27 IST" duration-ms="42291" status="PASS">
          <params>
            <param index="0">
              <value>
                <![CDATA[chrome]]>
              </value>
            </param>
          </params>
          <reporter-output>
          </reporter-output>
        </test-method> <!-- setup -->
        <test-method signature="TC_24_User_downloads_the_Recent_Liabilities_by_searching_with_Check_Date()[pri:0, instance:com.PTMWeb.testcases.TC_AsureTaxPortal@57db2b13]" started-at="2022-10-10T13:14:27 IST" name="TC_24_User_downloads_the_Recent_Liabilities_by_searching_with_Check_Date" description="User downloads the Recent Liabilitis Excel Report by searching with Check Date" finished-at="2022-10-10T13:14:58 IST" duration-ms="30739" status="PASS">
          <reporter-output>
          </reporter-output>
        </test-method> <!-- TC_24_User_downloads_the_Recent_Liabilities_by_searching_with_Check_Date -->
        <test-method is-config="true" signature="quitbrowser()[pri:0, instance:com.PTMWeb.testcases.TC_AsureTaxPortal@57db2b13]" started-at="2022-10-10T13:14:58 IST" name="quitbrowser" finished-at="2022-10-10T13:15:01 IST" duration-ms="2442" status="PASS">
          <reporter-output>
          </reporter-output>
        </test-method> <!-- quitbrowser -->
        <test-method is-config="true" signature="setup(java.lang.String)[pri:0, instance:com.PTMWeb.testcases.TC_AsureTaxPortal@57db2b13]" started-at="2022-10-10T13:15:01 IST" name="setup" finished-at="2022-10-10T13:15:38 IST" duration-ms="37339" status="PASS">
          <params>
            <param index="0">
              <value>
                <![CDATA[chrome]]>
              </value>
            </param>
          </params>
          <reporter-output>
          </reporter-output>
        </test-method> <!-- setup -->
        <test-method signature="TC_25_User_downloads_the_Recent_Liabilities_by_searching_with_Entry_Date()[pri:0, instance:com.PTMWeb.testcases.TC_AsureTaxPortal@57db2b13]" started-at="2022-10-10T13:15:38 IST" name="TC_25_User_downloads_the_Recent_Liabilities_by_searching_with_Entry_Date" description="User downloads the Recent Liabilitis Excel Report by searching with Entry Date" finished-at="2022-10-10T13:15:58 IST" duration-ms="19659" status="FAIL">
          <exception class="java.lang.AssertionError">
            <message>
              <![CDATA[Unable to verify Entry Date expected [true] but found [false]]]>
            </message>
            <full-stacktrace>
              <![CDATA[java.lang.AssertionError: Unable to verify Entry Date expected [true] but found [false]
at org.testng.Assert.fail(Assert.java:110)
at org.testng.Assert.failNotEquals(Assert.java:1413)
at org.testng.Assert.assertTrue(Assert.java:56)
at com.PTMWeb.pages.RecentLiabilitiesPage.verifyEntryDate(RecentLiabilitiesPage.java:281)
at com.PTMWeb.testcases.TC_AsureTaxPortal.TC_25_User_downloads_the_Recent_Liabilities_by_searching_with_Entry_Date(TC_AsureTaxPortal.java:404)
at java.base/jdk.internal.reflect.NativeMethodAccessorImpl.invoke0(Native Method)
at java.base/jdk.internal.reflect.NativeMethodAccessorImpl.invoke(NativeMethodAccessorImpl.java:77)
at java.base/jdk.internal.reflect.DelegatingMethodAccessorImpl.invoke(DelegatingMethodAccessorImpl.java:43)
at java.base/java.lang.reflect.Method.invoke(Method.java:568)
at org.testng.internal.invokers.MethodInvocationHelper.invokeMethod(MethodInvocationHelper.java:139)
at org.testng.internal.invokers.TestInvoker.invokeMethod(TestInvoker.java:677)
at org.testng.internal.invokers.TestInvoker.invokeTestMethod(TestInvoker.java:221)
at org.testng.internal.invokers.MethodRunner.runInSequence(MethodRunner.java:50)
at org.testng.internal.invokers.TestInvoker$MethodInvocationAgent.invoke(TestInvoker.java:962)
at org.testng.internal.invokers.TestInvoker.invokeTestMethods(TestInvoker.java:194)
at org.testng.internal.invokers.TestMethodWorker.invokeTestMethods(TestMethodWorker.java:148)
at org.testng.internal.invokers.TestMethodWorker.run(TestMethodWorker.java:128)
at java.base/java.util.ArrayList.forEach(ArrayList.java:1511)
at org.testng.TestRunner.privateRun(TestRunner.java:806)
at org.testng.TestRunner.run(TestRunner.java:601)
at org.testng.SuiteRunner.runTest(SuiteRunner.java:433)
at org.testng.SuiteRunner$SuiteWorker.run(SuiteRunner.java:471)
at org.testng.internal.thread.ThreadUtil.lambda$execute$0(ThreadUtil.java:58)
at java.base/java.util.concurrent.FutureTask.run(FutureTask.java:264)
at java.base/java.util.concurrent.ThreadPoolExecutor.runWorker(ThreadPoolExecutor.java:1136)
at java.base/java.util.concurrent.ThreadPoolExecutor$Worker.run(ThreadPoolExecutor.java:635)
at java.base/java.lang.Thread.run(Thread.java:833)
]]>
            </full-stacktrace>
          </exception> <!-- java.lang.AssertionError -->
          <reporter-output>
          </reporter-output>
        </test-method> <!-- TC_25_User_downloads_the_Recent_Liabilities_by_searching_with_Entry_Date -->
        <test-method is-config="true" signature="quitbrowser()[pri:0, instance:com.PTMWeb.testcases.TC_AsureTaxPortal@57db2b13]" started-at="2022-10-10T13:15:58 IST" name="quitbrowser" finished-at="2022-10-10T13:16:00 IST" duration-ms="2369" status="PASS">
          <reporter-output>
          </reporter-output>
        </test-method> <!-- quitbrowser -->
        <test-method is-config="true" signature="setup(java.lang.String)[pri:0, instance:com.PTMWeb.testcases.TC_AsureTaxPortal@57db2b13]" started-at="2022-10-10T13:16:00 IST" name="setup" finished-at="2022-10-10T13:16:39 IST" duration-ms="39393" status="PASS">
          <params>
            <param index="0">
              <value>
                <![CDATA[chrome]]>
              </value>
            </param>
          </params>
          <reporter-output>
          </reporter-output>
        </test-method> <!-- setup -->
        <test-method signature="TC_26_User_downloads_the_Recent_Liabilities_by_searching_with_Amount()[pri:0, instance:com.PTMWeb.testcases.TC_AsureTaxPortal@57db2b13]" started-at="2022-10-10T13:16:39 IST" name="TC_26_User_downloads_the_Recent_Liabilities_by_searching_with_Amount" description="User downloads the Recent Liabilitis Excel Report by searching with Amount" finished-at="2022-10-10T13:17:11 IST" duration-ms="31725" status="PASS">
          <reporter-output>
          </reporter-output>
        </test-method> <!-- TC_26_User_downloads_the_Recent_Liabilities_by_searching_with_Amount -->
        <test-method is-config="true" signature="quitbrowser()[pri:0, instance:com.PTMWeb.testcases.TC_AsureTaxPortal@57db2b13]" started-at="2022-10-10T13:17:11 IST" name="quitbrowser" finished-at="2022-10-10T13:17:14 IST" duration-ms="2451" status="PASS">
          <reporter-output>
          </reporter-output>
        </test-method> <!-- quitbrowser -->
        <test-method is-config="true" signature="setup(java.lang.String)[pri:0, instance:com.PTMWeb.testcases.TC_AsureTaxPortal@57db2b13]" started-at="2022-10-10T13:17:14 IST" name="setup" finished-at="2022-10-10T13:17:50 IST" duration-ms="36265" status="PASS">
          <params>
            <param index="0">
              <value>
                <![CDATA[chrome]]>
              </value>
            </param>
          </params>
          <reporter-output>
          </reporter-output>
        </test-method> <!-- setup -->
        <test-method signature="TC_27_User_downloads_the_Recent_Liabilities_by_searching_with_Status()[pri:0, instance:com.PTMWeb.testcases.TC_AsureTaxPortal@57db2b13]" started-at="2022-10-10T13:17:50 IST" name="TC_27_User_downloads_the_Recent_Liabilities_by_searching_with_Status" description="User downloads the Recent Liabilitis Excel Report by searching with Status" finished-at="2022-10-10T13:18:21 IST" duration-ms="30725" status="PASS">
          <reporter-output>
          </reporter-output>
        </test-method> <!-- TC_27_User_downloads_the_Recent_Liabilities_by_searching_with_Status -->
        <test-method is-config="true" signature="quitbrowser()[pri:0, instance:com.PTMWeb.testcases.TC_AsureTaxPortal@57db2b13]" started-at="2022-10-10T13:18:21 IST" name="quitbrowser" finished-at="2022-10-10T13:18:23 IST" duration-ms="2479" status="PASS">
          <reporter-output>
          </reporter-output>
        </test-method> <!-- quitbrowser -->
        <test-method is-config="true" signature="setup(java.lang.String)[pri:0, instance:com.PTMWeb.testcases.TC_AsureTaxPortal@57db2b13]" started-at="2022-10-10T13:18:23 IST" name="setup" finished-at="2022-10-10T13:19:01 IST" duration-ms="37465" status="PASS">
          <params>
            <param index="0">
              <value>
                <![CDATA[chrome]]>
              </value>
            </param>
          </params>
          <reporter-output>
          </reporter-output>
        </test-method> <!-- setup -->
        <test-method signature="TC_28_Validating_the_Description_in_Recent_Liabilities()[pri:0, instance:com.PTMWeb.testcases.TC_AsureTaxPortal@57db2b13]" started-at="2022-10-10T13:19:01 IST" name="TC_28_Validating_the_Description_in_Recent_Liabilities" description="User Validates the Description in Recent Liabilities table" finished-at="2022-10-10T13:19:33 IST" duration-ms="31809" status="PASS">
          <reporter-output>
          </reporter-output>
        </test-method> <!-- TC_28_Validating_the_Description_in_Recent_Liabilities -->
        <test-method is-config="true" signature="quitbrowser()[pri:0, instance:com.PTMWeb.testcases.TC_AsureTaxPortal@57db2b13]" started-at="2022-10-10T13:19:33 IST" name="quitbrowser" finished-at="2022-10-10T13:19:35 IST" duration-ms="2423" status="PASS">
          <reporter-output>
          </reporter-output>
        </test-method> <!-- quitbrowser -->
        <test-method is-config="true" signature="setup(java.lang.String)[pri:0, instance:com.PTMWeb.testcases.TC_AsureTaxPortal@57db2b13]" started-at="2022-10-10T13:19:35 IST" name="setup" finished-at="2022-10-10T13:20:12 IST" duration-ms="37042" status="PASS">
          <params>
            <param index="0">
              <value>
                <![CDATA[chrome]]>
              </value>
            </param>
          </params>
          <reporter-output>
          </reporter-output>
        </test-method> <!-- setup -->
        <test-method signature="TC_29_Validate_NSF_Hold_Card_colour_is_Red_if_the_status_of_NSF_Hold_is_Yes_Or_Card_colour_should_be_Green_if_the_status_of_NSF_Hold_is_No_in_company_details()[pri:0, instance:com.PTMWeb.testcases.TC_AsureTaxPortal@57db2b13]" started-at="2022-10-10T13:20:12 IST" name="TC_29_Validate_NSF_Hold_Card_colour_is_Red_if_the_status_of_NSF_Hold_is_Yes_Or_Card_colour_should_be_Green_if_the_status_of_NSF_Hold_is_No_in_company_details" description="Validate NSF Hold card color is Red if NSF Hold status is Yes or NSF card colour is green if the NSF Hold status is No in company details" finished-at="2022-10-10T13:20:50 IST" duration-ms="38005" status="PASS">
          <reporter-output>
          </reporter-output>
        </test-method> <!-- TC_29_Validate_NSF_Hold_Card_colour_is_Red_if_the_status_of_NSF_Hold_is_Yes_Or_Card_colour_should_be_Green_if_the_status_of_NSF_Hold_is_No_in_company_details -->
        <test-method is-config="true" signature="quitbrowser()[pri:0, instance:com.PTMWeb.testcases.TC_AsureTaxPortal@57db2b13]" started-at="2022-10-10T13:20:50 IST" name="quitbrowser" finished-at="2022-10-10T13:20:53 IST" duration-ms="2411" status="PASS">
          <reporter-output>
          </reporter-output>
        </test-method> <!-- quitbrowser -->
        <test-method is-config="true" signature="setup(java.lang.String)[pri:0, instance:com.PTMWeb.testcases.TC_AsureTaxPortal@57db2b13]" started-at="2022-10-10T13:20:53 IST" name="setup" finished-at="2022-10-10T13:21:31 IST" duration-ms="38045" status="PASS">
          <params>
            <param index="0">
              <value>
                <![CDATA[chrome]]>
              </value>
            </param>
          </params>
          <reporter-output>
          </reporter-output>
        </test-method> <!-- setup -->
        <test-method signature="TC_30_Validate_User_can_view_the_Tax_Packages_by_selecting_quarter_and_year()[pri:0, instance:com.PTMWeb.testcases.TC_AsureTaxPortal@57db2b13]" started-at="2022-10-10T13:21:31 IST" name="TC_30_Validate_User_can_view_the_Tax_Packages_by_selecting_quarter_and_year" description="User Validates the Tax Packages by selecting quarter and year" finished-at="2022-10-10T13:22:16 IST" duration-ms="45026" status="PASS">
          <reporter-output>
          </reporter-output>
        </test-method> <!-- TC_30_Validate_User_can_view_the_Tax_Packages_by_selecting_quarter_and_year -->
        <test-method is-config="true" signature="quitbrowser()[pri:0, instance:com.PTMWeb.testcases.TC_AsureTaxPortal@57db2b13]" started-at="2022-10-10T13:22:16 IST" name="quitbrowser" finished-at="2022-10-10T13:22:18 IST" duration-ms="2364" status="PASS">
          <reporter-output>
          </reporter-output>
        </test-method> <!-- quitbrowser -->
        <test-method is-config="true" signature="setup(java.lang.String)[pri:0, instance:com.PTMWeb.testcases.TC_AsureTaxPortal@57db2b13]" started-at="2022-10-10T13:22:18 IST" name="setup" finished-at="2022-10-10T13:22:55 IST" duration-ms="36740" status="PASS">
          <params>
            <param index="0">
              <value>
                <![CDATA[chrome]]>
              </value>
            </param>
          </params>
          <reporter-output>
          </reporter-output>
        </test-method> <!-- setup -->
        <test-method signature="TC_31_Validate_User_can_download_the_Tax_Packages_by_selecting_quarter_and_year()[pri:0, instance:com.PTMWeb.testcases.TC_AsureTaxPortal@57db2b13]" started-at="2022-10-10T13:22:55 IST" name="TC_31_Validate_User_can_download_the_Tax_Packages_by_selecting_quarter_and_year" description="User downloads the Tax Packages by selecting quarter and year" finished-at="2022-10-10T13:23:44 IST" duration-ms="49352" status="PASS">
          <reporter-output>
          </reporter-output>
        </test-method> <!-- TC_31_Validate_User_can_download_the_Tax_Packages_by_selecting_quarter_and_year -->
        <test-method is-config="true" signature="quitbrowser()[pri:0, instance:com.PTMWeb.testcases.TC_AsureTaxPortal@57db2b13]" started-at="2022-10-10T13:23:44 IST" name="quitbrowser" finished-at="2022-10-10T13:23:47 IST" duration-ms="2458" status="PASS">
          <reporter-output>
          </reporter-output>
        </test-method> <!-- quitbrowser -->
        <test-method is-config="true" signature="setup(java.lang.String)[pri:0, instance:com.PTMWeb.testcases.TC_AsureTaxPortal@57db2b13]" started-at="2022-10-10T13:23:47 IST" name="setup" finished-at="2022-10-10T13:24:25 IST" duration-ms="37790" status="PASS">
          <params>
            <param index="0">
              <value>
                <![CDATA[chrome]]>
              </value>
            </param>
          </params>
          <reporter-output>
          </reporter-output>
        </test-method> <!-- setup -->
        <test-method signature="TC_32_Validate_user_can_view_the_company_details_by_selecting_DOUGH_NUTS_INC()[pri:0, instance:com.PTMWeb.testcases.TC_AsureTaxPortal@57db2b13]" started-at="2022-10-10T13:24:25 IST" name="TC_32_Validate_user_can_view_the_company_details_by_selecting_DOUGH_NUTS_INC" description="Validate user can view the company details for DOUGH NUTS INC Client" finished-at="2022-10-10T13:25:37 IST" duration-ms="72794" status="PASS">
          <reporter-output>
          </reporter-output>
        </test-method> <!-- TC_32_Validate_user_can_view_the_company_details_by_selecting_DOUGH_NUTS_INC -->
        <test-method is-config="true" signature="quitbrowser()[pri:0, instance:com.PTMWeb.testcases.TC_AsureTaxPortal@57db2b13]" started-at="2022-10-10T13:25:38 IST" name="quitbrowser" finished-at="2022-10-10T13:25:40 IST" duration-ms="2637" status="PASS">
          <reporter-output>
          </reporter-output>
        </test-method> <!-- quitbrowser -->
        <test-method is-config="true" signature="setup(java.lang.String)[pri:0, instance:com.PTMWeb.testcases.TC_AsureTaxPortal@57db2b13]" started-at="2022-10-10T13:25:40 IST" name="setup" finished-at="2022-10-10T13:26:18 IST" duration-ms="37788" status="PASS">
          <params>
            <param index="0">
              <value>
                <![CDATA[chrome]]>
              </value>
            </param>
          </params>
          <reporter-output>
          </reporter-output>
        </test-method> <!-- setup -->
        <test-method signature="TC_33_Validate_user_can_view_the_contact_by_selecting_DOUGH_NUTS_INC()[pri:0, instance:com.PTMWeb.testcases.TC_AsureTaxPortal@57db2b13]" started-at="2022-10-10T13:26:18 IST" name="TC_33_Validate_user_can_view_the_contact_by_selecting_DOUGH_NUTS_INC" description="Validate user can view the contact details for DOUGH NUTS INC Client" finished-at="2022-10-10T13:27:09 IST" duration-ms="51271" status="PASS">
          <reporter-output>
          </reporter-output>
        </test-method> <!-- TC_33_Validate_user_can_view_the_contact_by_selecting_DOUGH_NUTS_INC -->
        <test-method is-config="true" signature="quitbrowser()[pri:0, instance:com.PTMWeb.testcases.TC_AsureTaxPortal@57db2b13]" started-at="2022-10-10T13:27:09 IST" name="quitbrowser" finished-at="2022-10-10T13:27:12 IST" duration-ms="2488" status="PASS">
          <reporter-output>
          </reporter-output>
        </test-method> <!-- quitbrowser -->
        <test-method is-config="true" signature="setup(java.lang.String)[pri:0, instance:com.PTMWeb.testcases.TC_AsureTaxPortal@57db2b13]" started-at="2022-10-10T13:27:12 IST" name="setup" finished-at="2022-10-10T13:27:50 IST" duration-ms="38184" status="PASS">
          <params>
            <param index="0">
              <value>
                <![CDATA[chrome]]>
              </value>
            </param>
          </params>
          <reporter-output>
          </reporter-output>
        </test-method> <!-- setup -->
        <test-method signature="TC_34_Validate_User_can_view_the_Tax_Agencies_by_searching_with_Agency_ID()[pri:0, instance:com.PTMWeb.testcases.TC_AsureTaxPortal@57db2b13]" started-at="2022-10-10T13:27:50 IST" name="TC_34_Validate_User_can_view_the_Tax_Agencies_by_searching_with_Agency_ID" description="Validate user can view the Tax Agency details for DOUGH NUTS INC Client by searching with Agency ID" finished-at="2022-10-10T13:29:52 IST" duration-ms="122177" status="PASS">
          <reporter-output>
          </reporter-output>
        </test-method> <!-- TC_34_Validate_User_can_view_the_Tax_Agencies_by_searching_with_Agency_ID -->
        <test-method is-config="true" signature="quitbrowser()[pri:0, instance:com.PTMWeb.testcases.TC_AsureTaxPortal@57db2b13]" started-at="2022-10-10T13:29:52 IST" name="quitbrowser" finished-at="2022-10-10T13:29:55 IST" duration-ms="2650" status="PASS">
          <reporter-output>
          </reporter-output>
        </test-method> <!-- quitbrowser -->
        <test-method is-config="true" signature="setup(java.lang.String)[pri:0, instance:com.PTMWeb.testcases.TC_AsureTaxPortal@57db2b13]" started-at="2022-10-10T13:29:55 IST" name="setup" finished-at="2022-10-10T13:30:33 IST" duration-ms="37567" status="PASS">
          <params>
            <param index="0">
              <value>
                <![CDATA[chrome]]>
              </value>
            </param>
          </params>
          <reporter-output>
          </reporter-output>
        </test-method> <!-- setup -->
        <test-method signature="TC_35_Validate_User_can_view_the_Tax_Agencies_by_searching_with_Description()[pri:0, instance:com.PTMWeb.testcases.TC_AsureTaxPortal@57db2b13]" started-at="2022-10-10T13:30:33 IST" name="TC_35_Validate_User_can_view_the_Tax_Agencies_by_searching_with_Description" description="Validate user can view the Tax Agency details for DOUGH NUTS INC Client by searching with Description" finished-at="2022-10-10T13:32:28 IST" duration-ms="115073" status="PASS">
          <reporter-output>
          </reporter-output>
        </test-method> <!-- TC_35_Validate_User_can_view_the_Tax_Agencies_by_searching_with_Description -->
        <test-method is-config="true" signature="quitbrowser()[pri:0, instance:com.PTMWeb.testcases.TC_AsureTaxPortal@57db2b13]" started-at="2022-10-10T13:32:28 IST" name="quitbrowser" finished-at="2022-10-10T13:32:30 IST" duration-ms="2417" status="PASS">
          <reporter-output>
          </reporter-output>
        </test-method> <!-- quitbrowser -->
        <test-method is-config="true" signature="setup(java.lang.String)[pri:0, instance:com.PTMWeb.testcases.TC_AsureTaxPortal@57db2b13]" started-at="2022-10-10T13:32:30 IST" name="setup" finished-at="2022-10-10T13:33:10 IST" duration-ms="40327" status="PASS">
          <params>
            <param index="0">
              <value>
                <![CDATA[chrome]]>
              </value>
            </param>
          </params>
          <reporter-output>
          </reporter-output>
        </test-method> <!-- setup -->
        <test-method signature="TC_36_Validate_User_can_view_the_Tax_Agencies_by_searching_with_Main_Agency_ID()[pri:0, instance:com.PTMWeb.testcases.TC_AsureTaxPortal@57db2b13]" started-at="2022-10-10T13:33:10 IST" name="TC_36_Validate_User_can_view_the_Tax_Agencies_by_searching_with_Main_Agency_ID" description="Validate user can view the Tax Agency details for DOUGH NUTS INC Client by searching with Main Agency ID" finished-at="2022-10-10T13:34:19 IST" duration-ms="68288" status="PASS">
          <reporter-output>
          </reporter-output>
        </test-method> <!-- TC_36_Validate_User_can_view_the_Tax_Agencies_by_searching_with_Main_Agency_ID -->
        <test-method is-config="true" signature="quitbrowser()[pri:0, instance:com.PTMWeb.testcases.TC_AsureTaxPortal@57db2b13]" started-at="2022-10-10T13:34:19 IST" name="quitbrowser" finished-at="2022-10-10T13:34:21 IST" duration-ms="2385" status="PASS">
          <reporter-output>
          </reporter-output>
        </test-method> <!-- quitbrowser -->
        <test-method is-config="true" signature="setup(java.lang.String)[pri:0, instance:com.PTMWeb.testcases.TC_AsureTaxPortal@57db2b13]" started-at="2022-10-10T13:34:21 IST" name="setup" finished-at="2022-10-10T13:34:58 IST" duration-ms="37013" status="PASS">
          <params>
            <param index="0">
              <value>
                <![CDATA[chrome]]>
              </value>
            </param>
          </params>
          <reporter-output>
          </reporter-output>
        </test-method> <!-- setup -->
        <test-method signature="TC_37_Validate_User_can_view_the_Tax_Agencies_by_searching_with_Client_Tax_ID()[pri:0, instance:com.PTMWeb.testcases.TC_AsureTaxPortal@57db2b13]" started-at="2022-10-10T13:34:58 IST" name="TC_37_Validate_User_can_view_the_Tax_Agencies_by_searching_with_Client_Tax_ID" description="Validate user can view the Tax Agency details for DOUGH NUTS INC Client by searching with Client Tax ID" finished-at="2022-10-10T13:36:53 IST" duration-ms="115072" status="PASS">
          <reporter-output>
          </reporter-output>
        </test-method> <!-- TC_37_Validate_User_can_view_the_Tax_Agencies_by_searching_with_Client_Tax_ID -->
        <test-method is-config="true" signature="quitbrowser()[pri:0, instance:com.PTMWeb.testcases.TC_AsureTaxPortal@57db2b13]" started-at="2022-10-10T13:36:53 IST" name="quitbrowser" finished-at="2022-10-10T13:36:56 IST" duration-ms="2397" status="PASS">
          <reporter-output>
          </reporter-output>
        </test-method> <!-- quitbrowser -->
        <test-method is-config="true" signature="setup(java.lang.String)[pri:0, instance:com.PTMWeb.testcases.TC_AsureTaxPortal@57db2b13]" started-at="2022-10-10T13:36:56 IST" name="setup" finished-at="2022-10-10T13:37:33 IST" duration-ms="37166" status="PASS">
          <params>
            <param index="0">
              <value>
                <![CDATA[chrome]]>
              </value>
            </param>
          </params>
          <reporter-output>
          </reporter-output>
        </test-method> <!-- setup -->
        <test-method signature="TC_38_Validate_User_can_view_the_Tax_Agencies_by_searching_with_Frequency_Type()[pri:0, instance:com.PTMWeb.testcases.TC_AsureTaxPortal@57db2b13]" started-at="2022-10-10T13:37:33 IST" name="TC_38_Validate_User_can_view_the_Tax_Agencies_by_searching_with_Frequency_Type" description="Validate user can view the Tax Agency details for DOUGH NUTS INC Client by searching with Frequency Type" finished-at="2022-10-10T13:39:35 IST" duration-ms="122111" status="PASS">
          <reporter-output>
          </reporter-output>
        </test-method> <!-- TC_38_Validate_User_can_view_the_Tax_Agencies_by_searching_with_Frequency_Type -->
        <test-method is-config="true" signature="quitbrowser()[pri:0, instance:com.PTMWeb.testcases.TC_AsureTaxPortal@57db2b13]" started-at="2022-10-10T13:39:35 IST" name="quitbrowser" finished-at="2022-10-10T13:39:38 IST" duration-ms="2397" status="PASS">
          <reporter-output>
          </reporter-output>
        </test-method> <!-- quitbrowser -->
        <test-method is-config="true" signature="setup(java.lang.String)[pri:0, instance:com.PTMWeb.testcases.TC_AsureTaxPortal@57db2b13]" started-at="2022-10-10T13:39:38 IST" name="setup" finished-at="2022-10-10T13:40:17 IST" duration-ms="39026" status="PASS">
          <params>
            <param index="0">
              <value>
                <![CDATA[chrome]]>
              </value>
            </param>
          </params>
          <reporter-output>
          </reporter-output>
        </test-method> <!-- setup -->
        <test-method signature="TC_39_Validate_User_can_view_the_Tax_Agencies_by_searching_with_Frequency()[pri:0, instance:com.PTMWeb.testcases.TC_AsureTaxPortal@57db2b13]" started-at="2022-10-10T13:40:17 IST" name="TC_39_Validate_User_can_view_the_Tax_Agencies_by_searching_with_Frequency" description="Validate user can view the Tax Agency details for DOUGH NUTS INC Client by searching with Frequency" finished-at="2022-10-10T13:42:12 IST" duration-ms="115090" status="PASS">
          <reporter-output>
          </reporter-output>
        </test-method> <!-- TC_39_Validate_User_can_view_the_Tax_Agencies_by_searching_with_Frequency -->
        <test-method is-config="true" signature="quitbrowser()[pri:0, instance:com.PTMWeb.testcases.TC_AsureTaxPortal@57db2b13]" started-at="2022-10-10T13:42:12 IST" name="quitbrowser" finished-at="2022-10-10T13:42:14 IST" duration-ms="2443" status="PASS">
          <reporter-output>
          </reporter-output>
        </test-method> <!-- quitbrowser -->
        <test-method is-config="true" signature="setup(java.lang.String)[pri:0, instance:com.PTMWeb.testcases.TC_AsureTaxPortal@57db2b13]" started-at="2022-10-10T13:42:14 IST" name="setup" finished-at="2022-10-10T13:42:51 IST" duration-ms="36662" status="PASS">
          <params>
            <param index="0">
              <value>
                <![CDATA[chrome]]>
              </value>
            </param>
          </params>
          <reporter-output>
          </reporter-output>
        </test-method> <!-- setup -->
        <test-method signature="TC_40_Validate_User_can_view_the_Tax_Agencies_by_searching_with_TaxRate()[pri:0, instance:com.PTMWeb.testcases.TC_AsureTaxPortal@57db2b13]" started-at="2022-10-10T13:42:51 IST" name="TC_40_Validate_User_can_view_the_Tax_Agencies_by_searching_with_TaxRate" description="Validate user can view the Tax Agency details for DOUGH NUTS INC Client by searching with Tax Rsate" finished-at="2022-10-10T13:44:46 IST" duration-ms="115030" status="PASS">
          <reporter-output>
          </reporter-output>
        </test-method> <!-- TC_40_Validate_User_can_view_the_Tax_Agencies_by_searching_with_TaxRate -->
        <test-method is-config="true" signature="quitbrowser()[pri:0, instance:com.PTMWeb.testcases.TC_AsureTaxPortal@57db2b13]" started-at="2022-10-10T13:44:46 IST" name="quitbrowser" finished-at="2022-10-10T13:44:48 IST" duration-ms="2397" status="PASS">
          <reporter-output>
          </reporter-output>
        </test-method> <!-- quitbrowser -->
        <test-method is-config="true" signature="setup(java.lang.String)[pri:0, instance:com.PTMWeb.testcases.TC_AsureTaxPortal@57db2b13]" started-at="2022-10-10T13:44:48 IST" name="setup" finished-at="2022-10-10T13:45:25 IST" duration-ms="36481" status="PASS">
          <params>
            <param index="0">
              <value>
                <![CDATA[chrome]]>
              </value>
            </param>
          </params>
          <reporter-output>
          </reporter-output>
        </test-method> <!-- setup -->
        <test-method signature="TC_41_Validate_User_can_search_and_download_the_Announcements_in_Excel_file()[pri:0, instance:com.PTMWeb.testcases.TC_AsureTaxPortal@57db2b13]" started-at="2022-10-10T13:45:25 IST" name="TC_41_Validate_User_can_search_and_download_the_Announcements_in_Excel_file" description="Validate user can search and download the Announcements Excel File" finished-at="2022-10-10T13:45:58 IST" duration-ms="32823" status="PASS">
          <reporter-output>
          </reporter-output>
        </test-method> <!-- TC_41_Validate_User_can_search_and_download_the_Announcements_in_Excel_file -->
        <test-method is-config="true" signature="quitbrowser()[pri:0, instance:com.PTMWeb.testcases.TC_AsureTaxPortal@57db2b13]" started-at="2022-10-10T13:45:58 IST" name="quitbrowser" finished-at="2022-10-10T13:46:00 IST" duration-ms="2329" status="PASS">
          <reporter-output>
          </reporter-output>
        </test-method> <!-- quitbrowser -->
        <test-method is-config="true" signature="setup(java.lang.String)[pri:0, instance:com.PTMWeb.testcases.TC_AsureTaxPortal@57db2b13]" started-at="2022-10-10T13:46:00 IST" name="setup" finished-at="2022-10-10T13:46:37 IST" duration-ms="36600" status="PASS">
          <params>
            <param index="0">
              <value>
                <![CDATA[chrome]]>
              </value>
            </param>
          </params>
          <reporter-output>
          </reporter-output>
        </test-method> <!-- setup -->
        <test-method signature="TC_42_Validate_User_can_search_and_download_the_Announcements_in_Pdf_file()[pri:0, instance:com.PTMWeb.testcases.TC_AsureTaxPortal@57db2b13]" started-at="2022-10-10T13:46:37 IST" name="TC_42_Validate_User_can_search_and_download_the_Announcements_in_Pdf_file" description="Validate user can search and download the Announcements Pdf File" finished-at="2022-10-10T13:47:06 IST" duration-ms="28922" status="PASS">
          <reporter-output>
          </reporter-output>
        </test-method> <!-- TC_42_Validate_User_can_search_and_download_the_Announcements_in_Pdf_file -->
        <test-method is-config="true" signature="quitbrowser()[pri:0, instance:com.PTMWeb.testcases.TC_AsureTaxPortal@57db2b13]" started-at="2022-10-10T13:47:06 IST" name="quitbrowser" finished-at="2022-10-10T13:47:08 IST" duration-ms="2333" status="PASS">
          <reporter-output>
          </reporter-output>
        </test-method> <!-- quitbrowser -->
        <test-method is-config="true" signature="setup(java.lang.String)[pri:0, instance:com.PTMWeb.testcases.TC_AsureTaxPortal@57db2b13]" started-at="2022-10-10T13:47:08 IST" name="setup" finished-at="2022-10-10T13:47:46 IST" duration-ms="37540" status="PASS">
          <params>
            <param index="0">
              <value>
                <![CDATA[chrome]]>
              </value>
            </param>
          </params>
          <reporter-output>
          </reporter-output>
        </test-method> <!-- setup -->
        <test-method signature="TC_43_Validate_User_can_view_the_Upcoming_Payments_record_by_searching_with_Due_date()[pri:0, instance:com.PTMWeb.testcases.TC_AsureTaxPortal@57db2b13]" started-at="2022-10-10T13:47:46 IST" name="TC_43_Validate_User_can_view_the_Upcoming_Payments_record_by_searching_with_Due_date" description="Validate user can view the upcoming payments record by searching with Due date" finished-at="2022-10-10T13:48:20 IST" duration-ms="34726" status="PASS">
          <reporter-output>
          </reporter-output>
        </test-method> <!-- TC_43_Validate_User_can_view_the_Upcoming_Payments_record_by_searching_with_Due_date -->
        <test-method is-config="true" signature="quitbrowser()[pri:0, instance:com.PTMWeb.testcases.TC_AsureTaxPortal@57db2b13]" started-at="2022-10-10T13:48:21 IST" name="quitbrowser" finished-at="2022-10-10T13:48:23 IST" duration-ms="2355" status="PASS">
          <reporter-output>
          </reporter-output>
        </test-method> <!-- quitbrowser -->
        <test-method is-config="true" signature="setup(java.lang.String)[pri:0, instance:com.PTMWeb.testcases.TC_AsureTaxPortal@57db2b13]" started-at="2022-10-10T13:48:23 IST" name="setup" finished-at="2022-10-10T13:49:02 IST" duration-ms="38879" status="PASS">
          <params>
            <param index="0">
              <value>
                <![CDATA[chrome]]>
              </value>
            </param>
          </params>
          <reporter-output>
          </reporter-output>
        </test-method> <!-- setup -->
        <test-method signature="TC_44_Validate_User_can_view_the_Upcoming_Payments_record_by_searching_with_Amount()[pri:0, instance:com.PTMWeb.testcases.TC_AsureTaxPortal@57db2b13]" started-at="2022-10-10T13:49:02 IST" name="TC_44_Validate_User_can_view_the_Upcoming_Payments_record_by_searching_with_Amount" description="Validate user can view the upcoming payments record by searching with Amount" finished-at="2022-10-10T13:49:37 IST" duration-ms="34758" status="PASS">
          <reporter-output>
          </reporter-output>
        </test-method> <!-- TC_44_Validate_User_can_view_the_Upcoming_Payments_record_by_searching_with_Amount -->
        <test-method is-config="true" signature="quitbrowser()[pri:0, instance:com.PTMWeb.testcases.TC_AsureTaxPortal@57db2b13]" started-at="2022-10-10T13:49:37 IST" name="quitbrowser" finished-at="2022-10-10T13:49:39 IST" duration-ms="2339" status="PASS">
          <reporter-output>
          </reporter-output>
        </test-method> <!-- quitbrowser -->
        <test-method is-config="true" signature="setup(java.lang.String)[pri:0, instance:com.PTMWeb.testcases.TC_AsureTaxPortal@57db2b13]" started-at="2022-10-10T13:49:39 IST" name="setup" finished-at="2022-10-10T13:50:16 IST" duration-ms="37223" status="PASS">
          <params>
            <param index="0">
              <value>
                <![CDATA[chrome]]>
              </value>
            </param>
          </params>
          <reporter-output>
          </reporter-output>
        </test-method> <!-- setup -->
        <test-method signature="TC_45_Validate_User_can_view_the_Upcoming_Payments_record_by_searching_with_Count()[pri:0, instance:com.PTMWeb.testcases.TC_AsureTaxPortal@57db2b13]" started-at="2022-10-10T13:50:16 IST" name="TC_45_Validate_User_can_view_the_Upcoming_Payments_record_by_searching_with_Count" description="Validate user can view the upcoming payments record by searching with count" finished-at="2022-10-10T13:50:51 IST" duration-ms="34847" status="PASS">
          <reporter-output>
          </reporter-output>
        </test-method> <!-- TC_45_Validate_User_can_view_the_Upcoming_Payments_record_by_searching_with_Count -->
        <test-method is-config="true" signature="quitbrowser()[pri:0, instance:com.PTMWeb.testcases.TC_AsureTaxPortal@57db2b13]" started-at="2022-10-10T13:50:51 IST" name="quitbrowser" finished-at="2022-10-10T13:50:54 IST" duration-ms="2404" status="PASS">
          <reporter-output>
          </reporter-output>
        </test-method> <!-- quitbrowser -->
        <test-method is-config="true" signature="setup(java.lang.String)[pri:0, instance:com.PTMWeb.testcases.TC_AsureTaxPortal@57db2b13]" started-at="2022-10-10T13:50:54 IST" name="setup" finished-at="2022-10-10T13:51:32 IST" duration-ms="38213" status="PASS">
          <params>
            <param index="0">
              <value>
                <![CDATA[chrome]]>
              </value>
            </param>
          </params>
          <reporter-output>
          </reporter-output>
        </test-method> <!-- setup -->
        <test-method signature="TC_46_Validate_User_can_view_the_Upcoming_Payments_record_by_searching_with_PayrollID()[pri:0, instance:com.PTMWeb.testcases.TC_AsureTaxPortal@57db2b13]" started-at="2022-10-10T13:51:32 IST" name="TC_46_Validate_User_can_view_the_Upcoming_Payments_record_by_searching_with_PayrollID" description="Validate user can view the upcoming payments record by searching with Payroll ID" finished-at="2022-10-10T13:52:05 IST" duration-ms="32971" status="PASS">
          <reporter-output>
          </reporter-output>
        </test-method> <!-- TC_46_Validate_User_can_view_the_Upcoming_Payments_record_by_searching_with_PayrollID -->
        <test-method is-config="true" signature="quitbrowser()[pri:0, instance:com.PTMWeb.testcases.TC_AsureTaxPortal@57db2b13]" started-at="2022-10-10T13:52:05 IST" name="quitbrowser" finished-at="2022-10-10T13:52:07 IST" duration-ms="2449" status="PASS">
          <reporter-output>
          </reporter-output>
        </test-method> <!-- quitbrowser -->
        <test-method is-config="true" signature="setup(java.lang.String)[pri:0, instance:com.PTMWeb.testcases.TC_AsureTaxPortal@57db2b13]" started-at="2022-10-10T13:52:07 IST" name="setup" finished-at="2022-10-10T13:52:45 IST" duration-ms="37796" status="PASS">
          <params>
            <param index="0">
              <value>
                <![CDATA[chrome]]>
              </value>
            </param>
          </params>
          <reporter-output>
          </reporter-output>
        </test-method> <!-- setup -->
        <test-method signature="TC_47_Validate_User_can_view_the_Upcoming_Payments_record_by_searching_with_AgencyID()[pri:0, instance:com.PTMWeb.testcases.TC_AsureTaxPortal@57db2b13]" started-at="2022-10-10T13:52:45 IST" name="TC_47_Validate_User_can_view_the_Upcoming_Payments_record_by_searching_with_AgencyID" description="Validate user can view the upcoming payments record by searching with Agency ID" finished-at="2022-10-10T13:53:23 IST" duration-ms="38058" status="PASS">
          <reporter-output>
          </reporter-output>
        </test-method> <!-- TC_47_Validate_User_can_view_the_Upcoming_Payments_record_by_searching_with_AgencyID -->
        <test-method is-config="true" signature="quitbrowser()[pri:0, instance:com.PTMWeb.testcases.TC_AsureTaxPortal@57db2b13]" started-at="2022-10-10T13:53:23 IST" name="quitbrowser" finished-at="2022-10-10T13:53:26 IST" duration-ms="2425" status="PASS">
          <reporter-output>
          </reporter-output>
        </test-method> <!-- quitbrowser -->
        <test-method is-config="true" signature="setup(java.lang.String)[pri:0, instance:com.PTMWeb.testcases.TC_AsureTaxPortal@57db2b13]" started-at="2022-10-10T13:53:26 IST" name="setup" finished-at="2022-10-10T13:54:03 IST" duration-ms="37083" status="PASS">
          <params>
            <param index="0">
              <value>
                <![CDATA[chrome]]>
              </value>
            </param>
          </params>
          <reporter-output>
          </reporter-output>
        </test-method> <!-- setup -->
        <test-method signature="TC_48_Validate_User_can_view_the_Upcoming_Payments_record_by_searching_with_Description()[pri:0, instance:com.PTMWeb.testcases.TC_AsureTaxPortal@57db2b13]" started-at="2022-10-10T13:54:03 IST" name="TC_48_Validate_User_can_view_the_Upcoming_Payments_record_by_searching_with_Description" description="Validate user can view the upcoming payments record by searching with Description" finished-at="2022-10-10T13:54:41 IST" duration-ms="38064" status="PASS">
          <reporter-output>
          </reporter-output>
        </test-method> <!-- TC_48_Validate_User_can_view_the_Upcoming_Payments_record_by_searching_with_Description -->
        <test-method is-config="true" signature="quitbrowser()[pri:0, instance:com.PTMWeb.testcases.TC_AsureTaxPortal@57db2b13]" started-at="2022-10-10T13:54:41 IST" name="quitbrowser" finished-at="2022-10-10T13:54:43 IST" duration-ms="2485" status="PASS">
          <reporter-output>
          </reporter-output>
        </test-method> <!-- quitbrowser -->
        <test-method is-config="true" signature="setup(java.lang.String)[pri:0, instance:com.PTMWeb.testcases.TC_AsureTaxPortal@57db2b13]" started-at="2022-10-10T13:54:43 IST" name="setup" finished-at="2022-10-10T13:55:22 IST" duration-ms="38192" status="PASS">
          <params>
            <param index="0">
              <value>
                <![CDATA[chrome]]>
              </value>
            </param>
          </params>
          <reporter-output>
          </reporter-output>
        </test-method> <!-- setup -->
[...]
              </value>
            </param>
          </params>
          <reporter-output>
          </reporter-output>
        </test-method> <!-- setup -->
        <test-method signature="TC_82_TIBERIUM_SYSTEMS_Validate_User_can_view_the_Tax_Packages_by_selecting_quarter_and_year()[pri:0, instance:com.PTMWeb.testcases.TC_AsureTaxPortal@57db2b13]" started-at="2022-10-10T14:47:49 IST" name="TC_82_TIBERIUM_SYSTEMS_Validate_User_can_view_the_Tax_Packages_by_selecting_quarter_and_year" description="Validate user can view the Tax Packages by selecting quarter and year" finished-at="2022-10-10T14:48:29 IST" duration-ms="39925" status="PASS">
          <reporter-output>
          </reporter-output>
        </test-method> <!-- TC_82_TIBERIUM_SYSTEMS_Validate_User_can_view_the_Tax_Packages_by_selecting_quarter_and_year -->
        <test-method is-config="true" signature="quitbrowser()[pri:0, instance:com.PTMWeb.testcases.TC_AsureTaxPortal@57db2b13]" started-at="2022-10-10T14:48:29 IST" name="quitbrowser" finished-at="2022-10-10T14:48:31 IST" duration-ms="2327" status="PASS">
          <reporter-output>
          </reporter-output>
        </test-method> <!-- quitbrowser -->
        <test-method is-config="true" signature="setup(java.lang.String)[pri:0, instance:com.PTMWeb.testcases.TC_AsureTaxPortal@57db2b13]" started-at="2022-10-10T14:48:31 IST" name="setup" finished-at="2022-10-10T14:49:13 IST" duration-ms="41856" status="PASS">
          <params>
            <param index="0">
              <value>
                <![CDATA[chrome]]>
              </value>
            </param>
          </params>
          <reporter-output>
          </reporter-output>
        </test-method> <!-- setup -->
        <test-method signature="TC_83_TIBERIUM_SYSTEMS_Validate_user_can_view_the_company_details_by_selecting_TIBERIUM_SYSTEMS_LLC()[pri:0, instance:com.PTMWeb.testcases.TC_AsureTaxPortal@57db2b13]" started-at="2022-10-10T14:49:13 IST" name="TC_83_TIBERIUM_SYSTEMS_Validate_user_can_view_the_company_details_by_selecting_TIBERIUM_SYSTEMS_LLC" description="Validate user can view the company details for TIBERIUM SYSTEMS client" finished-at="2022-10-10T14:50:24 IST" duration-ms="70737" status="PASS">
          <reporter-output>
          </reporter-output>
        </test-method> <!-- TC_83_TIBERIUM_SYSTEMS_Validate_user_can_view_the_company_details_by_selecting_TIBERIUM_SYSTEMS_LLC -->
        <test-method is-config="true" signature="quitbrowser()[pri:0, instance:com.PTMWeb.testcases.TC_AsureTaxPortal@57db2b13]" started-at="2022-10-10T14:50:24 IST" name="quitbrowser" finished-at="2022-10-10T14:50:26 IST" duration-ms="2376" status="PASS">
          <reporter-output>
          </reporter-output>
        </test-method> <!-- quitbrowser -->
        <test-method is-config="true" signature="setup(java.lang.String)[pri:0, instance:com.PTMWeb.testcases.TC_AsureTaxPortal@57db2b13]" started-at="2022-10-10T14:50:26 IST" name="setup" finished-at="2022-10-10T14:51:06 IST" duration-ms="39406" status="PASS">
          <params>
            <param index="0">
              <value>
                <![CDATA[chrome]]>
              </value>
            </param>
          </params>
          <reporter-output>
          </reporter-output>
        </test-method> <!-- setup -->
        <test-method signature="TC_84_TIBERIUM_SYSTEMS_Validate_user_can_view_the_contact_by_selecting_TIBERIUM_SYSTEMS_LLC()[pri:0, instance:com.PTMWeb.testcases.TC_AsureTaxPortal@57db2b13]" started-at="2022-10-10T14:51:06 IST" name="TC_84_TIBERIUM_SYSTEMS_Validate_user_can_view_the_contact_by_selecting_TIBERIUM_SYSTEMS_LLC" description="Validate user can view the contact details for TIBERIUM SYSTEMS client" finished-at="2022-10-10T14:51:55 IST" duration-ms="49206" status="PASS">
          <reporter-output>
          </reporter-output>
        </test-method> <!-- TC_84_TIBERIUM_SYSTEMS_Validate_user_can_view_the_contact_by_selecting_TIBERIUM_SYSTEMS_LLC -->
        <test-method is-config="true" signature="quitbrowser()[pri:0, instance:com.PTMWeb.testcases.TC_AsureTaxPortal@57db2b13]" started-at="2022-10-10T14:51:55 IST" name="quitbrowser" finished-at="2022-10-10T14:51:57 IST" duration-ms="2365" status="PASS">
          <reporter-output>
          </reporter-output>
        </test-method> <!-- quitbrowser -->
        <test-method is-config="true" signature="setup(java.lang.String)[pri:0, instance:com.PTMWeb.testcases.TC_AsureTaxPortal@57db2b13]" started-at="2022-10-10T14:51:57 IST" name="setup" finished-at="2022-10-10T14:52:35 IST" duration-ms="37228" status="PASS">
          <params>
            <param index="0">
              <value>
                <![CDATA[chrome]]>
              </value>
            </param>
          </params>
          <reporter-output>
          </reporter-output>
        </test-method> <!-- setup -->
        <test-method signature="TC_85_TIBERIUM_SYSTEMS_Validate_User_can_view_the_Tax_Agencies_by_searching_with_Agency_ID()[pri:0, instance:com.PTMWeb.testcases.TC_AsureTaxPortal@57db2b13]" started-at="2022-10-10T14:52:35 IST" name="TC_85_TIBERIUM_SYSTEMS_Validate_User_can_view_the_Tax_Agencies_by_searching_with_Agency_ID" description="Validate user can view the Tax agency details by searching with Agency ID" finished-at="2022-10-10T14:54:35 IST" duration-ms="119994" status="PASS">
          <reporter-output>
          </reporter-output>
        </test-method> <!-- TC_85_TIBERIUM_SYSTEMS_Validate_User_can_view_the_Tax_Agencies_by_searching_with_Agency_ID -->
        <test-method is-config="true" signature="quitbrowser()[pri:0, instance:com.PTMWeb.testcases.TC_AsureTaxPortal@57db2b13]" started-at="2022-10-10T14:54:35 IST" name="quitbrowser" finished-at="2022-10-10T14:54:37 IST" duration-ms="2424" status="PASS">
          <reporter-output>
          </reporter-output>
        </test-method> <!-- quitbrowser -->
        <test-method is-config="true" signature="setup(java.lang.String)[pri:0, instance:com.PTMWeb.testcases.TC_AsureTaxPortal@57db2b13]" started-at="2022-10-10T14:54:37 IST" name="setup" finished-at="2022-10-10T14:55:18 IST" duration-ms="40828" status="PASS">
          <params>
            <param index="0">
              <value>
                <![CDATA[chrome]]>
              </value>
            </param>
          </params>
          <reporter-output>
          </reporter-output>
        </test-method> <!-- setup -->
        <test-method signature="TC_86_TIBERIUM_SYSTEMS_Validate_User_can_view_the_Tax_Agencies_by_searching_with_Description()[pri:0, instance:com.PTMWeb.testcases.TC_AsureTaxPortal@57db2b13]" started-at="2022-10-10T14:55:18 IST" name="TC_86_TIBERIUM_SYSTEMS_Validate_User_can_view_the_Tax_Agencies_by_searching_with_Description" description="Validate user can view the Tax agency details by searching with Description" finished-at="2022-10-10T14:57:11 IST" duration-ms="112854" status="PASS">
          <reporter-output>
          </reporter-output>
        </test-method> <!-- TC_86_TIBERIUM_SYSTEMS_Validate_User_can_view_the_Tax_Agencies_by_searching_with_Description -->
        <test-method is-config="true" signature="quitbrowser()[pri:0, instance:com.PTMWeb.testcases.TC_AsureTaxPortal@57db2b13]" started-at="2022-10-10T14:57:11 IST" name="quitbrowser" finished-at="2022-10-10T14:57:13 IST" duration-ms="2428" status="PASS">
          <reporter-output>
          </reporter-output>
        </test-method> <!-- quitbrowser -->
        <test-method is-config="true" signature="setup(java.lang.String)[pri:0, instance:com.PTMWeb.testcases.TC_AsureTaxPortal@57db2b13]" started-at="2022-10-10T14:57:13 IST" name="setup" finished-at="2022-10-10T14:57:51 IST" duration-ms="37693" status="PASS">
          <params>
            <param index="0">
              <value>
                <![CDATA[chrome]]>
              </value>
            </param>
          </params>
          <reporter-output>
          </reporter-output>
        </test-method> <!-- setup -->
        <test-method signature="TC_87_TIBERIUM_SYSTEMS_Validate_User_can_view_the_Tax_Agencies_by_searching_with_Main_Agency_ID()[pri:0, instance:com.PTMWeb.testcases.TC_AsureTaxPortal@57db2b13]" started-at="2022-10-10T14:57:51 IST" name="TC_87_TIBERIUM_SYSTEMS_Validate_User_can_view_the_Tax_Agencies_by_searching_with_Main_Agency_ID" description="Validate user can view the Tax agency details by searching with Main Agency ID" finished-at="2022-10-10T14:59:51 IST" duration-ms="120031" status="PASS">
          <reporter-output>
          </reporter-output>
        </test-method> <!-- TC_87_TIBERIUM_SYSTEMS_Validate_User_can_view_the_Tax_Agencies_by_searching_with_Main_Agency_ID -->
        <test-method is-config="true" signature="quitbrowser()[pri:0, instance:com.PTMWeb.testcases.TC_AsureTaxPortal@57db2b13]" started-at="2022-10-10T14:59:51 IST" name="quitbrowser" finished-at="2022-10-10T14:59:54 IST" duration-ms="2417" status="PASS">
          <reporter-output>
          </reporter-output>
        </test-method> <!-- quitbrowser -->
        <test-method is-config="true" signature="setup(java.lang.String)[pri:0, instance:com.PTMWeb.testcases.TC_AsureTaxPortal@57db2b13]" started-at="2022-10-10T14:59:54 IST" name="setup" finished-at="2022-10-10T15:00:33 IST" duration-ms="39280" status="PASS">
          <params>
            <param index="0">
              <value>
                <![CDATA[chrome]]>
              </value>
            </param>
          </params>
          <reporter-output>
          </reporter-output>
        </test-method> <!-- setup -->
        <test-method signature="TC_88_TIBERIUM_SYSTEMS_Validate_User_can_view_the_Tax_Agencies_by_searching_with_Client_Tax_ID()[pri:0, instance:com.PTMWeb.testcases.TC_AsureTaxPortal@57db2b13]" started-at="2022-10-10T15:00:33 IST" name="TC_88_TIBERIUM_SYSTEMS_Validate_User_can_view_the_Tax_Agencies_by_searching_with_Client_Tax_ID" description="Validate user can view the Tax agency details by searching with Client Tax ID" finished-at="2022-10-10T15:02:33 IST" duration-ms="119993" status="PASS">
          <reporter-output>
          </reporter-output>
        </test-method> <!-- TC_88_TIBERIUM_SYSTEMS_Validate_User_can_view_the_Tax_Agencies_by_searching_with_Client_Tax_ID -->
        <test-method is-config="true" signature="quitbrowser()[pri:0, instance:com.PTMWeb.testcases.TC_AsureTaxPortal@57db2b13]" started-at="2022-10-10T15:02:33 IST" name="quitbrowser" finished-at="2022-10-10T15:02:35 IST" duration-ms="2433" status="PASS">
          <reporter-output>
          </reporter-output>
        </test-method> <!-- quitbrowser -->
        <test-method is-config="true" signature="setup(java.lang.String)[pri:0, instance:com.PTMWeb.testcases.TC_AsureTaxPortal@57db2b13]" started-at="2022-10-10T15:02:35 IST" name="setup" finished-at="2022-10-10T15:03:15 IST" duration-ms="39706" status="PASS">
          <params>
            <param index="0">
              <value>
                <![CDATA[chrome]]>
              </value>
            </param>
          </params>
          <reporter-output>
          </reporter-output>
        </test-method> <!-- setup -->
        <test-method signature="TC_89_TIBERIUM_SYSTEMS_Validate_User_can_view_the_Tax_Agencies_by_searching_with_Frequency_Type()[pri:0, instance:com.PTMWeb.testcases.TC_AsureTaxPortal@57db2b13]" started-at="2022-10-10T15:03:15 IST" name="TC_89_TIBERIUM_SYSTEMS_Validate_User_can_view_the_Tax_Agencies_by_searching_with_Frequency_Type" description="Validate user can view the Tax agency details by searching with Frequency Type" finished-at="2022-10-10T15:05:15 IST" duration-ms="120040" status="PASS">
          <reporter-output>
          </reporter-output>
        </test-method> <!-- TC_89_TIBERIUM_SYSTEMS_Validate_User_can_view_the_Tax_Agencies_by_searching_with_Frequency_Type -->
        <test-method is-config="true" signature="quitbrowser()[pri:0, instance:com.PTMWeb.testcases.TC_AsureTaxPortal@57db2b13]" started-at="2022-10-10T15:05:15 IST" name="quitbrowser" finished-at="2022-10-10T15:05:18 IST" duration-ms="2396" status="PASS">
          <reporter-output>
          </reporter-output>
        </test-method> <!-- quitbrowser -->
        <test-method is-config="true" signature="setup(java.lang.String)[pri:0, instance:com.PTMWeb.testcases.TC_AsureTaxPortal@57db2b13]" started-at="2022-10-10T15:05:18 IST" name="setup" finished-at="2022-10-10T15:05:55 IST" duration-ms="37763" status="PASS">
          <params>
            <param index="0">
              <value>
                <![CDATA[chrome]]>
              </value>
            </param>
          </params>
          <reporter-output>
          </reporter-output>
        </test-method> <!-- setup -->
        <test-method signature="TC_90_TIBERIUM_SYSTEMS_Validate_User_can_view_the_Tax_Agencies_by_searching_with_Frequency()[pri:0, instance:com.PTMWeb.testcases.TC_AsureTaxPortal@57db2b13]" started-at="2022-10-10T15:05:55 IST" name="TC_90_TIBERIUM_SYSTEMS_Validate_User_can_view_the_Tax_Agencies_by_searching_with_Frequency" description="Validate user can view the Tax agency details by searching with Frequency" finished-at="2022-10-10T15:07:48 IST" duration-ms="112873" status="PASS">
          <reporter-output>
          </reporter-output>
        </test-method> <!-- TC_90_TIBERIUM_SYSTEMS_Validate_User_can_view_the_Tax_Agencies_by_searching_with_Frequency -->
        <test-method is-config="true" signature="quitbrowser()[pri:0, instance:com.PTMWeb.testcases.TC_AsureTaxPortal@57db2b13]" started-at="2022-10-10T15:07:48 IST" name="quitbrowser" finished-at="2022-10-10T15:07:51 IST" duration-ms="2414" status="PASS">
          <reporter-output>
          </reporter-output>
        </test-method> <!-- quitbrowser -->
        <test-method is-config="true" signature="setup(java.lang.String)[pri:0, instance:com.PTMWeb.testcases.TC_AsureTaxPortal@57db2b13]" started-at="2022-10-10T15:07:51 IST" name="setup" finished-at="2022-10-10T15:08:28 IST" duration-ms="37450" status="PASS">
          <params>
            <param index="0">
              <value>
                <![CDATA[chrome]]>
              </value>
            </param>
          </params>
          <reporter-output>
          </reporter-output>
        </test-method> <!-- setup -->
        <test-method signature="TC_91_TIBERIUM_SYSTEMS_Validate_User_can_view_the_Tax_Agencies_by_searching_with_Tax_Rate()[pri:0, instance:com.PTMWeb.testcases.TC_AsureTaxPortal@57db2b13]" started-at="2022-10-10T15:08:28 IST" name="TC_91_TIBERIUM_SYSTEMS_Validate_User_can_view_the_Tax_Agencies_by_searching_with_Tax_Rate" description="Validate user can view the Tax agency details by searching with Tax Rate" finished-at="2022-10-10T15:10:28 IST" duration-ms="120050" status="PASS">
          <reporter-output>
          </reporter-output>
        </test-method> <!-- TC_91_TIBERIUM_SYSTEMS_Validate_User_can_view_the_Tax_Agencies_by_searching_with_Tax_Rate -->
        <test-method is-config="true" signature="quitbrowser()[pri:0, instance:com.PTMWeb.testcases.TC_AsureTaxPortal@57db2b13]" started-at="2022-10-10T15:10:28 IST" name="quitbrowser" finished-at="2022-10-10T15:10:31 IST" duration-ms="2451" status="PASS">
          <reporter-output>
          </reporter-output>
        </test-method> <!-- quitbrowser -->
        <test-method is-config="true" signature="setup(java.lang.String)[pri:0, instance:com.PTMWeb.testcases.TC_AsureTaxPortal@57db2b13]" started-at="2022-10-10T15:10:31 IST" name="setup" finished-at="2022-10-10T15:11:10 IST" duration-ms="39000" status="PASS">
          <params>
            <param index="0">
              <value>
                <![CDATA[chrome]]>
              </value>
            </param>
          </params>
          <reporter-output>
          </reporter-output>
        </test-method> <!-- setup -->
        <test-method signature="TC_92_DOUGH_NUTS_Validate_User_can_sort_with_Inactive_Tax_Agencies()[pri:0, instance:com.PTMWeb.testcases.TC_AsureTaxPortal@57db2b13]" started-at="2022-10-10T15:11:10 IST" name="TC_92_DOUGH_NUTS_Validate_User_can_sort_with_Inactive_Tax_Agencies" description="Validate User can sort with Inactive Tax Agencies" finished-at="2022-10-10T15:11:50 IST" duration-ms="40061" status="PASS">
          <reporter-output>
          </reporter-output>
        </test-method> <!-- TC_92_DOUGH_NUTS_Validate_User_can_sort_with_Inactive_Tax_Agencies -->
        <test-method is-config="true" signature="quitbrowser()[pri:0, instance:com.PTMWeb.testcases.TC_AsureTaxPortal@57db2b13]" started-at="2022-10-10T15:11:50 IST" name="quitbrowser" finished-at="2022-10-10T15:11:52 IST" duration-ms="2356" status="PASS">
          <reporter-output>
          </reporter-output>
        </test-method> <!-- quitbrowser -->
        <test-method is-config="true" signature="setup(java.lang.String)[pri:0, instance:com.PTMWeb.testcases.TC_AsureTaxPortal@57db2b13]" started-at="2022-10-10T15:11:52 IST" name="setup" finished-at="2022-10-10T15:12:31 IST" duration-ms="38459" status="PASS">
          <params>
            <param index="0">
              <value>
                <![CDATA[chrome]]>
              </value>
            </param>
          </params>
          <reporter-output>
          </reporter-output>
        </test-method> <!-- setup -->
        <test-method signature="TC_93_DOUGH_NUTS_Validate_User_can_sort_with_Active_Tax_Agencies()[pri:0, instance:com.PTMWeb.testcases.TC_AsureTaxPortal@57db2b13]" started-at="2022-10-10T15:12:31 IST" name="TC_93_DOUGH_NUTS_Validate_User_can_sort_with_Active_Tax_Agencies" description="Validate User can sort with Active Tax Agencies" finished-at="2022-10-10T15:13:11 IST" duration-ms="40080" status="PASS">
          <reporter-output>
          </reporter-output>
        </test-method> <!-- TC_93_DOUGH_NUTS_Validate_User_can_sort_with_Active_Tax_Agencies -->
        <test-method is-config="true" signature="quitbrowser()[pri:0, instance:com.PTMWeb.testcases.TC_AsureTaxPortal@57db2b13]" started-at="2022-10-10T15:13:11 IST" name="quitbrowser" finished-at="2022-10-10T15:13:13 IST" duration-ms="2338" status="PASS">
          <reporter-output>
          </reporter-output>
        </test-method> <!-- quitbrowser -->
        <test-method is-config="true" signature="setup(java.lang.String)[pri:0, instance:com.PTMWeb.testcases.TC_AsureTaxPortal@57db2b13]" started-at="2022-10-10T15:13:13 IST" name="setup" finished-at="2022-10-10T15:13:52 IST" duration-ms="38530" status="PASS">
          <params>
            <param index="0">
              <value>
                <![CDATA[chrome]]>
              </value>
            </param>
          </params>
          <reporter-output>
          </reporter-output>
        </test-method> <!-- setup -->
        <test-method signature="TC_94_DOUGH_NUTS_Validate_User_can_sort_with_All_Tax_Agencies()[pri:0, instance:com.PTMWeb.testcases.TC_AsureTaxPortal@57db2b13]" started-at="2022-10-10T15:13:52 IST" name="TC_94_DOUGH_NUTS_Validate_User_can_sort_with_All_Tax_Agencies" description="Validate User can sort with All Tax Agencies" finished-at="2022-10-10T15:14:32 IST" duration-ms="40060" status="PASS">
          <reporter-output>
          </reporter-output>
        </test-method> <!-- TC_94_DOUGH_NUTS_Validate_User_can_sort_with_All_Tax_Agencies -->
        <test-method is-config="true" signature="quitbrowser()[pri:0, instance:com.PTMWeb.testcases.TC_AsureTaxPortal@57db2b13]" started-at="2022-10-10T15:14:32 IST" name="quitbrowser" finished-at="2022-10-10T15:14:34 IST" duration-ms="2332" status="PASS">
          <reporter-output>
          </reporter-output>
        </test-method> <!-- quitbrowser -->
      </class> <!-- com.PTMWeb.testcases.TC_AsureTaxPortal -->
    </test> <!-- Chrome Test -->
  </suite> <!-- Parallel Test Suite -->
</testng-results>
